mode: set
cw/docs/docs.go:4298.13,4300.2 1 0
cw/all_models.go:16.42,17.11 1 1
cw/all_models.go:18.58,19.14 1 1
cw/all_models.go:21.2,21.14 1 1
cw/all_models.go:32.46,33.11 1 1
cw/all_models.go:34.38,35.14 1 1
cw/all_models.go:37.2,37.14 1 1
cw/errors.go:16.41,19.28 2 1
cw/errors.go:19.28,21.3 1 1
cw/errors.go:23.2,23.14 1 1
cw/errors.go:26.31,28.2 1 1
cw/errors.go:30.40,31.44 1 1
cw/errors.go:31.44,33.3 1 1
cw/errors.go:34.2,34.14 1 1
cw/errors.go:37.44,38.44 1 1
cw/errors.go:38.44,40.3 1 1
cw/errors.go:41.2,41.14 1 1
cw/errors.go:44.41,45.44 1 1
cw/errors.go:45.44,47.3 1 1
cw/errors.go:48.2,48.14 1 1
cw/errors.go:51.36,52.44 1 1
cw/errors.go:52.44,54.3 1 1
cw/errors.go:55.2,55.14 1 1
cw/errors.go:58.41,61.28 2 1
cw/errors.go:61.28,63.3 1 1
cw/errors.go:65.2,65.14 1 1
cw/errors.go:68.41,69.44 1 0
cw/errors.go:69.44,71.3 1 0
cw/errors.go:72.2,72.14 1 0
cw/errors.go:75.54,76.44 1 0
cw/errors.go:76.44,78.3 1 0
cw/errors.go:79.2,79.14 1 0
cw/errors.go:82.83,84.37 2 1
cw/errors.go:84.37,87.3 2 1
cw/errors.go:88.2,88.17 1 1
cw/errors.go:102.81,108.42 4 1
cw/errors.go:108.42,112.10 3 1
cw/errors.go:113.31,114.107 1 0
cw/errors.go:115.37,116.136 1 1
cw/errors.go:117.40,118.139 1 0
cw/errors.go:119.63,121.103 2 1
cw/errors.go:122.11,123.78 1 0
cw/errors.go:125.3,125.15 1 1
cw/errors.go:128.2,128.20 1 1
cw/errors.go:128.20,131.3 2 0
cw/errors.go:133.2,133.13 1 1
cw/errors.go:136.80,137.16 1 1
cw/errors.go:137.16,140.3 2 1
cw/errors.go:141.2,141.14 1 1
cw/errors.go:144.72,145.23 1 1
cw/errors.go:145.23,148.3 2 1
cw/errors.go:149.2,149.13 1 1
cw/errors.go:152.83,153.35 1 0
cw/errors.go:153.35,154.18 1 0
cw/errors.go:154.18,157.4 2 0
cw/errors.go:159.2,159.13 1 0
cw/errors.go:162.53,163.16 1 1
cw/errors.go:163.16,164.29 1 1
cw/errors.go:164.29,167.4 2 1
cw/errors.go:168.3,168.30 1 1
cw/errors.go:168.30,171.4 2 1
cw/errors.go:172.3,172.20 1 1
cw/errors.go:172.20,175.4 2 1
cw/errors.go:176.3,176.33 1 1
cw/errors.go:176.33,179.4 2 1
cw/errors.go:180.3,180.30 1 1
cw/errors.go:180.30,183.4 2 0
cw/errors.go:184.3,184.25 1 1
cw/errors.go:184.25,187.4 2 0
cw/errors.go:188.3,188.30 1 1
cw/errors.go:188.30,191.4 2 0
cw/errors.go:192.3,192.98 1 1
cw/errors.go:192.98,195.4 2 1
cw/errors.go:196.3,196.57 1 1
cw/errors.go:196.57,199.4 2 1
cw/errors.go:201.3,202.14 2 1
cw/errors.go:205.2,205.14 1 1
cw/genre_handlers.go:14.68,18.50 3 1
cw/genre_handlers.go:18.50,21.3 2 1
cw/genre_handlers.go:23.2,23.64 1 1
cw/genre_handlers.go:23.64,26.3 2 1
cw/genre_handlers.go:28.2,28.13 1 1
cw/genre_handlers.go:31.43,33.39 2 1
cw/genre_handlers.go:33.39,35.3 1 1
cw/genre_handlers.go:37.2,37.49 1 1
cw/genre_handlers.go:37.49,39.3 1 0
cw/genre_handlers.go:41.2,41.38 1 1
cw/genre_handlers.go:41.38,43.3 1 1
cw/genre_handlers.go:44.2,44.12 1 1
cw/genre_handlers.go:47.57,49.53 2 1
cw/genre_handlers.go:49.53,51.3 1 1
cw/genre_handlers.go:52.2,52.29 1 1
cw/genre_handlers.go:52.29,54.3 1 1
cw/genre_handlers.go:55.2,55.12 1 1
cw/genre_handlers.go:66.51,67.54 1 1
cw/genre_handlers.go:67.54,69.52 2 1
cw/genre_handlers.go:69.52,71.4 1 1
cw/genre_handlers.go:72.3,75.19 3 1
cw/genre_handlers.go:75.19,77.101 2 1
cw/genre_handlers.go:77.101,79.5 1 0
cw/genre_handlers.go:80.4,80.30 1 1
cw/genre_handlers.go:83.3,83.23 1 1
cw/genre_handlers.go:83.23,86.4 2 1
cw/genre_handlers.go:88.3,88.36 1 1
cw/genre_handlers.go:102.54,103.54 1 1
cw/genre_handlers.go:103.54,105.10 2 1
cw/genre_handlers.go:105.10,107.4 1 1
cw/genre_handlers.go:109.3,115.22 4 1
cw/genre_handlers.go:115.22,117.4 1 1
cw/genre_handlers.go:119.3,119.31 1 1
cw/genre_handlers.go:135.53,136.54 1 1
cw/genre_handlers.go:136.54,138.32 2 1
cw/genre_handlers.go:138.32,140.4 1 1
cw/genre_handlers.go:142.3,142.34 1 1
cw/genre_handlers.go:142.34,144.4 1 1
cw/genre_handlers.go:146.3,151.22 3 1
cw/genre_handlers.go:151.22,153.4 1 1
cw/genre_handlers.go:155.3,156.41 2 1
cw/genre_handlers.go:174.53,175.54 1 1
cw/genre_handlers.go:175.54,177.10 2 1
cw/genre_handlers.go:177.10,179.4 1 1
cw/genre_handlers.go:181.3,182.32 2 1
cw/genre_handlers.go:182.32,184.4 1 1
cw/genre_handlers.go:186.3,186.34 1 1
cw/genre_handlers.go:186.34,188.4 1 1
cw/genre_handlers.go:190.3,194.22 2 1
cw/genre_handlers.go:194.22,196.4 1 1
cw/genre_handlers.go:198.3,198.48 1 1
cw/genre_handlers.go:198.48,200.4 1 1
cw/genre_handlers.go:202.3,202.31 1 1
cw/genre_handlers.go:218.53,219.54 1 1
cw/genre_handlers.go:219.54,221.10 2 1
cw/genre_handlers.go:221.10,223.4 1 1
cw/genre_handlers.go:225.3,228.22 2 1
cw/genre_handlers.go:228.22,230.4 1 1
cw/genre_handlers.go:232.3,232.48 1 1
cw/genre_handlers.go:232.48,234.4 1 1
cw/genre_handlers.go:236.3,236.38 1 1
cw/genre_handlers.go:250.54,251.54 1 1
cw/genre_handlers.go:251.54,254.18 3 1
cw/genre_handlers.go:254.18,257.4 2 1
cw/genre_handlers.go:259.3,262.22 2 1
cw/genre_handlers.go:262.22,264.4 1 1
cw/genre_handlers.go:265.3,268.19 3 1
cw/genre_handlers.go:268.19,270.101 2 1
cw/genre_handlers.go:270.101,272.5 1 0
cw/genre_handlers.go:274.4,274.30 1 1
cw/genre_handlers.go:277.3,277.23 1 1
cw/genre_handlers.go:277.23,280.4 2 1
cw/genre_handlers.go:282.3,282.36 1 1
cw/hall_handlers.go:14.66,18.49 3 1
cw/hall_handlers.go:18.49,21.3 2 1
cw/hall_handlers.go:23.2,23.61 1 1
cw/hall_handlers.go:23.61,26.3 2 0
cw/hall_handlers.go:28.2,28.63 1 1
cw/hall_handlers.go:28.63,31.3 2 0
cw/hall_handlers.go:33.2,33.13 1 1
cw/hall_handlers.go:36.42,37.82 1 1
cw/hall_handlers.go:37.82,39.3 1 1
cw/hall_handlers.go:41.2,41.49 1 1
cw/hall_handlers.go:41.49,43.3 1 0
cw/hall_handlers.go:45.2,45.39 1 1
cw/hall_handlers.go:45.39,47.3 1 1
cw/hall_handlers.go:48.2,48.12 1 1
cw/hall_handlers.go:51.54,52.52 1 1
cw/hall_handlers.go:52.52,54.3 1 0
cw/hall_handlers.go:55.2,55.12 1 1
cw/hall_handlers.go:58.57,59.24 1 1
cw/hall_handlers.go:59.24,60.58 1 1
cw/hall_handlers.go:60.58,62.4 1 0
cw/hall_handlers.go:64.3,64.31 1 1
cw/hall_handlers.go:64.31,66.4 1 0
cw/hall_handlers.go:68.2,68.12 1 1
cw/hall_handlers.go:79.50,80.54 1 1
cw/hall_handlers.go:80.54,83.50 2 1
cw/hall_handlers.go:83.50,85.4 1 0
cw/hall_handlers.go:86.3,89.19 3 1
cw/hall_handlers.go:89.19,91.116 2 1
cw/hall_handlers.go:91.116,93.5 1 0
cw/hall_handlers.go:94.4,94.28 1 1
cw/hall_handlers.go:97.3,97.22 1 1
cw/hall_handlers.go:97.22,100.4 2 1
cw/hall_handlers.go:102.3,103.35 2 1
cw/hall_handlers.go:117.53,118.54 1 1
cw/hall_handlers.go:118.54,120.10 2 1
cw/hall_handlers.go:120.10,122.4 1 1
cw/hall_handlers.go:124.3,130.22 4 1
cw/hall_handlers.go:130.22,132.4 1 1
cw/hall_handlers.go:134.3,135.31 2 1
cw/hall_handlers.go:152.52,153.54 1 1
cw/hall_handlers.go:153.54,155.32 2 1
cw/hall_handlers.go:155.32,157.4 1 1
cw/hall_handlers.go:159.3,159.33 1 1
cw/hall_handlers.go:159.33,161.4 1 1
cw/hall_handlers.go:163.3,168.22 3 1
cw/hall_handlers.go:168.22,170.4 1 1
cw/hall_handlers.go:172.3,174.41 3 1
cw/hall_handlers.go:193.52,194.54 1 1
cw/hall_handlers.go:194.54,196.10 2 1
cw/hall_handlers.go:196.10,198.4 1 1
cw/hall_handlers.go:200.3,201.32 2 1
cw/hall_handlers.go:201.32,203.4 1 1
cw/hall_handlers.go:205.3,205.33 1 1
cw/hall_handlers.go:205.33,207.4 1 1
cw/hall_handlers.go:209.3,213.22 2 1
cw/hall_handlers.go:213.22,215.4 1 1
cw/hall_handlers.go:217.3,217.48 1 1
cw/hall_handlers.go:217.48,219.4 1 1
cw/hall_handlers.go:221.3,222.21 2 1
cw/hall_handlers.go:238.52,239.54 1 1
cw/hall_handlers.go:239.54,241.10 2 1
cw/hall_handlers.go:241.10,243.4 1 1
cw/hall_handlers.go:245.3,248.22 2 1
cw/hall_handlers.go:248.22,250.4 1 1
cw/hall_handlers.go:252.3,252.48 1 1
cw/hall_handlers.go:252.48,254.4 1 1
cw/hall_handlers.go:256.3,256.38 1 1
cw/hall_handlers.go:270.62,271.54 1 1
cw/hall_handlers.go:271.54,273.53 2 1
cw/hall_handlers.go:273.53,276.4 2 1
cw/hall_handlers.go:278.3,282.22 2 1
cw/hall_handlers.go:282.22,284.4 1 0
cw/hall_handlers.go:285.3,288.19 3 1
cw/hall_handlers.go:288.19,290.116 2 1
cw/hall_handlers.go:290.116,292.5 1 0
cw/hall_handlers.go:293.4,293.28 1 1
cw/hall_handlers.go:296.3,296.22 1 1
cw/hall_handlers.go:296.22,299.4 2 1
cw/hall_handlers.go:301.3,302.35 2 1
cw/hall_handlers.go:316.59,317.54 1 1
cw/hall_handlers.go:317.54,320.18 3 1
cw/hall_handlers.go:320.18,323.4 2 0
cw/hall_handlers.go:325.3,329.22 2 1
cw/hall_handlers.go:329.22,331.4 1 0
cw/hall_handlers.go:332.3,335.19 3 1
cw/hall_handlers.go:335.19,337.116 2 1
cw/hall_handlers.go:337.116,339.5 1 0
cw/hall_handlers.go:340.4,340.28 1 1
cw/hall_handlers.go:343.3,343.22 1 1
cw/hall_handlers.go:343.22,346.4 2 1
cw/hall_handlers.go:348.3,349.35 2 1
cw/main.go:25.13,28.16 3 0
cw/main.go:28.16,30.3 1 0
cw/main.go:32.2,32.33 1 0
cw/main.go:32.33,34.3 1 0
cw/main.go:36.2,41.43 5 0
cw/main.go:44.33,130.2 72 1
cw/main.go:138.21,147.16 4 0
cw/main.go:147.16,149.3 1 0
cw/main.go:151.2,155.16 2 0
cw/main.go:155.16,157.3 1 0
cw/main.go:159.2,163.16 2 0
cw/main.go:163.16,165.3 1 0
cw/main.go:167.2,167.12 1 0
cw/main.go:170.25,178.16 4 1
cw/main.go:178.16,180.3 1 0
cw/main.go:182.2,186.16 2 1
cw/main.go:186.16,188.3 1 0
cw/main.go:190.2,194.16 2 1
cw/main.go:194.16,196.3 1 0
cw/main.go:198.2,198.12 1 1
cw/main.go:209.65,220.2 3 1
cw/main.go:222.91,225.16 3 1
cw/main.go:225.16,227.3 1 1
cw/main.go:228.2,228.42 1 1
cw/main.go:231.56,232.54 1 1
cw/main.go:232.54,234.24 2 1
cw/main.go:234.24,236.103 2 1
cw/main.go:236.103,238.5 1 1
cw/main.go:240.4,240.34 1 1
cw/main.go:240.34,243.5 2 0
cw/main.go:245.4,246.37 2 1
cw/main.go:247.9,249.4 1 1
cw/main.go:250.3,250.23 1 1
cw/main.go:261.89,262.54 1 1
cw/main.go:262.54,271.15 4 1
cw/main.go:272.38,274.18 2 1
cw/main.go:274.18,276.5 1 1
cw/main.go:278.4,279.18 2 1
cw/main.go:279.18,280.22 1 1
cw/main.go:280.22,283.6 2 1
cw/main.go:284.5,285.11 2 1
cw/main.go:288.4,288.11 1 1
cw/main.go:288.11,291.5 2 0
cw/main.go:292.37,294.18 2 1
cw/main.go:294.18,296.5 1 1
cw/main.go:298.4,299.18 2 1
cw/main.go:299.18,300.22 1 1
cw/main.go:300.22,303.6 2 1
cw/main.go:304.5,305.11 2 1
cw/main.go:308.4,308.11 1 1
cw/main.go:308.11,311.5 2 0
cw/main.go:312.11,314.18 2 1
cw/main.go:314.18,316.5 1 1
cw/main.go:319.3,319.16 1 1
cw/main.go:319.16,322.4 2 0
cw/main.go:324.3,324.20 1 1
cw/movie_handlers.go:19.68,23.52 3 1
cw/movie_handlers.go:23.52,26.3 2 1
cw/movie_handlers.go:28.2,28.58 1 1
cw/movie_handlers.go:28.58,31.3 2 1
cw/movie_handlers.go:33.2,33.64 1 1
cw/movie_handlers.go:33.64,36.3 2 1
cw/movie_handlers.go:38.2,38.58 1 1
cw/movie_handlers.go:38.58,41.3 2 1
cw/movie_handlers.go:43.2,43.59 1 1
cw/movie_handlers.go:43.59,46.3 2 0
cw/movie_handlers.go:48.2,48.13 1 1
cw/movie_handlers.go:51.40,52.50 1 1
cw/movie_handlers.go:52.50,54.3 1 1
cw/movie_handlers.go:55.2,55.12 1 1
cw/movie_handlers.go:58.45,59.50 1 1
cw/movie_handlers.go:59.50,61.3 1 1
cw/movie_handlers.go:62.2,62.22 1 1
cw/movie_handlers.go:62.22,64.3 1 0
cw/movie_handlers.go:65.2,65.12 1 1
cw/movie_handlers.go:68.51,70.16 2 1
cw/movie_handlers.go:70.16,72.3 1 1
cw/movie_handlers.go:74.2,74.96 1 1
cw/movie_handlers.go:74.96,76.3 1 1
cw/movie_handlers.go:78.2,78.12 1 1
cw/movie_handlers.go:81.57,82.56 1 1
cw/movie_handlers.go:82.56,84.3 1 1
cw/movie_handlers.go:85.2,85.29 1 1
cw/movie_handlers.go:85.29,87.3 1 1
cw/movie_handlers.go:88.2,88.12 1 1
cw/movie_handlers.go:91.48,93.28 2 1
cw/movie_handlers.go:93.28,95.3 1 1
cw/movie_handlers.go:96.2,96.12 1 1
cw/movie_handlers.go:99.45,101.16 2 1
cw/movie_handlers.go:101.16,103.3 1 0
cw/movie_handlers.go:105.2,106.39 2 1
cw/movie_handlers.go:106.39,108.3 1 0
cw/movie_handlers.go:110.2,110.12 1 1
cw/movie_handlers.go:114.78,128.16 2 1
cw/movie_handlers.go:128.16,130.3 1 0
cw/movie_handlers.go:131.2,134.18 3 1
cw/movie_handlers.go:134.18,136.67 2 1
cw/movie_handlers.go:136.67,138.4 1 0
cw/movie_handlers.go:139.3,139.29 1 1
cw/movie_handlers.go:141.2,141.20 1 1
cw/movie_handlers.go:144.76,145.24 1 1
cw/movie_handlers.go:145.24,147.3 1 0
cw/movie_handlers.go:149.2,150.35 2 1
cw/movie_handlers.go:150.35,153.3 1 1
cw/movie_handlers.go:155.2,159.21 3 1
cw/movie_handlers.go:159.21,161.17 2 1
cw/movie_handlers.go:161.17,163.4 1 0
cw/movie_handlers.go:166.2,166.19 1 1
cw/movie_handlers.go:169.100,176.16 2 0
cw/movie_handlers.go:176.16,178.3 1 0
cw/movie_handlers.go:181.2,188.12 2 0
cw/movie_handlers.go:199.51,200.54 1 1
cw/movie_handlers.go:200.54,204.17 2 1
cw/movie_handlers.go:204.17,207.4 2 0
cw/movie_handlers.go:208.3,212.19 4 1
cw/movie_handlers.go:212.19,214.130 2 1
cw/movie_handlers.go:214.130,217.5 2 0
cw/movie_handlers.go:218.4,221.18 3 1
cw/movie_handlers.go:221.18,224.5 2 0
cw/movie_handlers.go:225.4,231.18 3 1
cw/movie_handlers.go:231.18,234.5 2 0
cw/movie_handlers.go:236.4,236.30 1 1
cw/movie_handlers.go:239.3,239.23 1 1
cw/movie_handlers.go:239.23,242.4 2 1
cw/movie_handlers.go:244.3,245.36 2 1
cw/movie_handlers.go:259.54,260.54 1 1
cw/movie_handlers.go:260.54,262.10 2 1
cw/movie_handlers.go:262.10,264.4 1 1
cw/movie_handlers.go:266.3,272.22 4 1
cw/movie_handlers.go:272.22,274.4 1 1
cw/movie_handlers.go:275.3,281.17 3 1
cw/movie_handlers.go:281.17,284.4 2 0
cw/movie_handlers.go:286.3,287.22 2 1
cw/movie_handlers.go:287.22,289.4 1 0
cw/movie_handlers.go:290.3,293.31 3 1
cw/movie_handlers.go:309.53,310.54 1 1
cw/movie_handlers.go:310.54,312.35 2 1
cw/movie_handlers.go:312.35,314.4 1 1
cw/movie_handlers.go:316.3,316.37 1 1
cw/movie_handlers.go:316.37,318.4 1 1
cw/movie_handlers.go:320.3,322.22 3 1
cw/movie_handlers.go:322.22,324.4 1 0
cw/movie_handlers.go:325.3,325.16 1 1
cw/movie_handlers.go:325.16,326.79 1 1
cw/movie_handlers.go:326.79,328.5 1 0
cw/movie_handlers.go:331.3,337.22 3 1
cw/movie_handlers.go:337.22,339.4 1 1
cw/movie_handlers.go:341.3,341.80 1 1
cw/movie_handlers.go:341.80,343.4 1 0
cw/movie_handlers.go:345.3,345.45 1 1
cw/movie_handlers.go:345.45,347.4 1 0
cw/movie_handlers.go:349.3,351.41 3 1
cw/movie_handlers.go:369.53,370.54 1 1
cw/movie_handlers.go:370.54,372.10 2 1
cw/movie_handlers.go:372.10,374.4 1 1
cw/movie_handlers.go:376.3,377.35 2 1
cw/movie_handlers.go:377.35,379.4 1 1
cw/movie_handlers.go:381.3,381.37 1 1
cw/movie_handlers.go:381.37,383.4 1 1
cw/movie_handlers.go:385.3,386.37 2 1
cw/movie_handlers.go:386.37,388.18 2 0
cw/movie_handlers.go:388.18,391.5 2 0
cw/movie_handlers.go:392.4,392.30 1 0
cw/movie_handlers.go:395.3,397.17 3 1
cw/movie_handlers.go:397.17,400.4 2 0
cw/movie_handlers.go:401.3,401.14 1 1
cw/movie_handlers.go:401.14,404.4 2 1
cw/movie_handlers.go:406.3,416.22 2 1
cw/movie_handlers.go:416.22,418.4 1 0
cw/movie_handlers.go:420.3,420.31 1 1
cw/movie_handlers.go:436.53,437.54 1 1
cw/movie_handlers.go:437.54,439.10 2 1
cw/movie_handlers.go:439.10,441.4 1 1
cw/movie_handlers.go:443.3,444.22 2 1
cw/movie_handlers.go:444.22,446.4 1 1
cw/movie_handlers.go:447.3,447.48 1 1
cw/movie_handlers.go:447.48,449.4 1 1
cw/movie_handlers.go:451.3,451.38 1 1
cw/movie_handlers.go:465.54,466.54 1 1
cw/movie_handlers.go:466.54,468.46 2 1
cw/movie_handlers.go:468.46,471.4 2 1
cw/movie_handlers.go:473.3,476.22 2 1
cw/movie_handlers.go:476.22,478.4 1 1
cw/movie_handlers.go:479.3,483.19 4 1
cw/movie_handlers.go:483.19,486.23 3 1
cw/movie_handlers.go:486.23,488.5 1 0
cw/movie_handlers.go:489.4,492.23 3 1
cw/movie_handlers.go:492.23,494.5 1 0
cw/movie_handlers.go:495.4,501.18 3 1
cw/movie_handlers.go:501.18,504.5 2 0
cw/movie_handlers.go:506.4,506.30 1 1
cw/movie_handlers.go:509.3,509.23 1 1
cw/movie_handlers.go:509.23,512.4 2 1
cw/movie_handlers.go:514.3,515.36 2 1
cw/movie_handlers.go:529.62,530.54 1 1
cw/movie_handlers.go:530.54,532.25 2 1
cw/movie_handlers.go:532.25,535.4 2 1
cw/movie_handlers.go:537.3,538.31 2 1
cw/movie_handlers.go:538.31,539.44 1 1
cw/movie_handlers.go:539.44,542.5 2 1
cw/movie_handlers.go:543.4,543.45 1 1
cw/movie_handlers.go:546.3,557.17 2 1
cw/movie_handlers.go:557.17,560.4 2 1
cw/movie_handlers.go:561.3,565.19 4 1
cw/movie_handlers.go:565.19,568.66 2 1
cw/movie_handlers.go:568.66,571.5 2 0
cw/movie_handlers.go:572.4,575.18 3 1
cw/movie_handlers.go:575.18,578.5 2 0
cw/movie_handlers.go:579.4,585.18 3 1
cw/movie_handlers.go:585.18,589.5 3 0
cw/movie_handlers.go:591.4,591.30 1 1
cw/movie_handlers.go:594.3,594.23 1 1
cw/movie_handlers.go:594.23,597.4 2 1
cw/movie_handlers.go:599.3,600.36 2 1
cw/movieshow_handlers.go:15.76,16.50 1 1
cw/movieshow_handlers.go:16.50,19.3 2 1
cw/movieshow_handlers.go:21.2,21.49 1 1
cw/movieshow_handlers.go:21.49,24.3 2 1
cw/movieshow_handlers.go:26.2,27.36 2 1
cw/movieshow_handlers.go:27.36,30.3 2 0
cw/movieshow_handlers.go:32.2,32.28 1 1
cw/movieshow_handlers.go:32.28,35.3 2 1
cw/movieshow_handlers.go:37.2,37.23 1 1
cw/movieshow_handlers.go:37.23,40.3 2 0
cw/movieshow_handlers.go:42.2,42.13 1 1
cw/movieshow_handlers.go:45.74,46.50 1 1
cw/movieshow_handlers.go:46.50,49.3 2 1
cw/movieshow_handlers.go:51.2,51.49 1 1
cw/movieshow_handlers.go:51.49,54.3 2 0
cw/movieshow_handlers.go:56.2,57.36 2 1
cw/movieshow_handlers.go:57.36,60.3 2 0
cw/movieshow_handlers.go:62.2,62.28 1 1
cw/movieshow_handlers.go:62.28,65.3 2 0
cw/movieshow_handlers.go:67.2,67.13 1 1
cw/movieshow_handlers.go:78.55,79.54 1 1
cw/movieshow_handlers.go:79.54,82.77 2 1
cw/movieshow_handlers.go:82.77,84.4 1 0
cw/movieshow_handlers.go:85.3,88.19 3 1
cw/movieshow_handlers.go:88.19,90.154 2 1
cw/movieshow_handlers.go:90.154,92.5 1 0
cw/movieshow_handlers.go:93.4,93.29 1 1
cw/movieshow_handlers.go:96.3,96.22 1 1
cw/movieshow_handlers.go:96.22,99.4 2 1
cw/movieshow_handlers.go:101.3,101.35 1 1
cw/movieshow_handlers.go:115.58,116.54 1 1
cw/movieshow_handlers.go:116.54,118.10 2 1
cw/movieshow_handlers.go:118.10,120.4 1 1
cw/movieshow_handlers.go:122.3,128.22 4 1
cw/movieshow_handlers.go:128.22,130.4 1 1
cw/movieshow_handlers.go:132.3,132.32 1 1
cw/movieshow_handlers.go:147.57,148.54 1 1
cw/movieshow_handlers.go:148.54,150.67 2 1
cw/movieshow_handlers.go:150.67,152.4 1 1
cw/movieshow_handlers.go:154.3,160.22 3 1
cw/movieshow_handlers.go:160.22,162.4 1 1
cw/movieshow_handlers.go:164.3,165.36 2 1
cw/movieshow_handlers.go:184.57,185.54 1 1
cw/movieshow_handlers.go:185.54,187.10 2 1
cw/movieshow_handlers.go:187.10,189.4 1 1
cw/movieshow_handlers.go:191.3,192.33 2 1
cw/movieshow_handlers.go:192.33,194.4 1 0
cw/movieshow_handlers.go:196.3,196.36 1 1
cw/movieshow_handlers.go:196.36,198.4 1 1
cw/movieshow_handlers.go:200.3,204.22 2 1
cw/movieshow_handlers.go:204.22,206.4 1 1
cw/movieshow_handlers.go:208.3,208.48 1 1
cw/movieshow_handlers.go:208.48,210.4 1 1
cw/movieshow_handlers.go:212.3,212.31 1 1
cw/movieshow_handlers.go:228.57,229.54 1 1
cw/movieshow_handlers.go:229.54,231.10 2 1
cw/movieshow_handlers.go:231.10,233.4 1 1
cw/movieshow_handlers.go:235.3,238.22 2 1
cw/movieshow_handlers.go:238.22,240.4 1 1
cw/movieshow_handlers.go:242.3,242.48 1 1
cw/movieshow_handlers.go:242.48,244.4 1 0
cw/movieshow_handlers.go:246.3,246.38 1 1
cw/movieshow_handlers.go:261.57,262.54 1 1
cw/movieshow_handlers.go:262.54,264.10 2 1
cw/movieshow_handlers.go:264.10,266.4 1 1
cw/movieshow_handlers.go:268.3,269.47 2 1
cw/movieshow_handlers.go:269.47,271.38 2 1
cw/movieshow_handlers.go:271.38,274.5 2 1
cw/movieshow_handlers.go:275.4,275.23 1 1
cw/movieshow_handlers.go:278.3,289.22 4 1
cw/movieshow_handlers.go:289.22,291.4 1 0
cw/movieshow_handlers.go:292.3,295.19 3 1
cw/movieshow_handlers.go:295.19,297.133 2 1
cw/movieshow_handlers.go:297.133,299.5 1 0
cw/movieshow_handlers.go:300.4,300.29 1 1
cw/movieshow_handlers.go:303.3,303.22 1 1
cw/movieshow_handlers.go:303.22,306.4 2 1
cw/movieshow_handlers.go:308.3,309.35 2 1
cw/movieshow_handlers.go:323.56,324.54 1 1
cw/movieshow_handlers.go:324.54,327.17 3 1
cw/movieshow_handlers.go:327.17,330.4 2 1
cw/movieshow_handlers.go:332.3,338.22 3 1
cw/movieshow_handlers.go:338.22,340.4 1 0
cw/movieshow_handlers.go:341.3,344.19 3 1
cw/movieshow_handlers.go:344.19,346.133 2 1
cw/movieshow_handlers.go:346.133,348.5 1 0
cw/movieshow_handlers.go:349.4,349.29 1 1
cw/movieshow_handlers.go:352.3,352.22 1 1
cw/movieshow_handlers.go:352.22,355.4 2 1
cw/movieshow_handlers.go:357.3,358.35 2 1
cw/movieshow_handlers.go:372.58,373.54 1 1
cw/movieshow_handlers.go:373.54,375.47 2 1
cw/movieshow_handlers.go:375.47,376.74 1 1
cw/movieshow_handlers.go:376.74,378.5 1 1
cw/movieshow_handlers.go:378.10,381.5 2 1
cw/movieshow_handlers.go:384.3,392.22 4 1
cw/movieshow_handlers.go:392.22,394.4 1 0
cw/movieshow_handlers.go:395.3,398.19 3 1
cw/movieshow_handlers.go:398.19,400.133 2 1
cw/movieshow_handlers.go:400.133,402.5 1 0
cw/movieshow_handlers.go:403.4,403.29 1 1
cw/movieshow_handlers.go:406.3,406.22 1 1
cw/movieshow_handlers.go:406.22,409.4 2 0
cw/movieshow_handlers.go:411.3,412.35 2 1
cw/review_handlers.go:15.70,18.55 2 1
cw/review_handlers.go:18.55,21.3 2 1
cw/review_handlers.go:23.2,23.57 1 1
cw/review_handlers.go:23.57,26.3 2 1
cw/review_handlers.go:28.2,28.55 1 1
cw/review_handlers.go:28.55,31.3 2 1
cw/review_handlers.go:33.2,33.57 1 1
cw/review_handlers.go:33.57,36.3 2 1
cw/review_handlers.go:38.2,38.13 1 1
cw/review_handlers.go:41.48,42.46 1 1
cw/review_handlers.go:42.46,44.3 1 1
cw/review_handlers.go:45.2,45.12 1 1
cw/review_handlers.go:48.50,49.47 1 1
cw/review_handlers.go:49.47,51.3 1 1
cw/review_handlers.go:52.2,52.12 1 1
cw/review_handlers.go:55.45,56.31 1 1
cw/review_handlers.go:56.31,58.3 1 1
cw/review_handlers.go:59.2,59.12 1 1
cw/review_handlers.go:62.50,64.45 2 1
cw/review_handlers.go:64.45,66.3 1 1
cw/review_handlers.go:67.2,67.25 1 1
cw/review_handlers.go:67.25,69.3 1 1
cw/review_handlers.go:70.2,70.12 1 1
cw/review_handlers.go:82.52,83.54 1 1
cw/review_handlers.go:83.54,85.54 2 1
cw/review_handlers.go:85.54,87.4 1 0
cw/review_handlers.go:88.3,91.44 3 1
cw/review_handlers.go:91.44,94.4 2 1
cw/review_handlers.go:96.3,97.19 2 1
cw/review_handlers.go:97.19,99.149 2 1
cw/review_handlers.go:99.149,101.5 1 0
cw/review_handlers.go:102.4,102.37 1 1
cw/review_handlers.go:105.3,105.24 1 1
cw/review_handlers.go:105.24,108.4 2 1
cw/review_handlers.go:110.3,110.37 1 1
cw/review_handlers.go:124.55,125.54 1 1
cw/review_handlers.go:125.54,127.10 2 1
cw/review_handlers.go:127.10,129.4 1 1
cw/review_handlers.go:131.3,137.22 4 1
cw/review_handlers.go:137.22,139.4 1 1
cw/review_handlers.go:141.3,141.36 1 1
cw/review_handlers.go:157.54,158.54 1 1
cw/review_handlers.go:158.54,160.41 2 1
cw/review_handlers.go:160.41,162.4 1 1
cw/review_handlers.go:164.3,164.44 1 1
cw/review_handlers.go:164.44,166.4 1 1
cw/review_handlers.go:168.3,173.80 3 1
cw/review_handlers.go:173.80,176.4 2 1
cw/review_handlers.go:178.3,183.22 3 1
cw/review_handlers.go:183.22,186.4 1 1
cw/review_handlers.go:188.3,189.41 2 1
cw/review_handlers.go:207.54,208.54 1 1
cw/review_handlers.go:208.54,210.10 2 1
cw/review_handlers.go:210.10,212.4 1 1
cw/review_handlers.go:214.3,215.41 2 1
cw/review_handlers.go:215.41,217.4 1 1
cw/review_handlers.go:219.3,219.44 1 1
cw/review_handlers.go:219.44,221.4 1 1
cw/review_handlers.go:223.3,225.80 3 1
cw/review_handlers.go:225.80,228.4 2 1
cw/review_handlers.go:230.3,234.22 2 1
cw/review_handlers.go:234.22,236.4 1 0
cw/review_handlers.go:238.3,238.48 1 1
cw/review_handlers.go:238.48,240.4 1 1
cw/review_handlers.go:242.3,242.31 1 1
cw/review_handlers.go:257.54,258.54 1 1
cw/review_handlers.go:258.54,260.10 2 1
cw/review_handlers.go:260.10,262.4 1 1
cw/review_handlers.go:264.3,267.44 4 1
cw/review_handlers.go:267.44,271.23 2 1
cw/review_handlers.go:271.23,273.5 1 1
cw/review_handlers.go:275.4,275.34 1 1
cw/review_handlers.go:275.34,278.5 2 0
cw/review_handlers.go:281.3,284.22 2 1
cw/review_handlers.go:284.22,286.4 1 0
cw/review_handlers.go:288.3,288.48 1 1
cw/review_handlers.go:288.48,290.4 1 1
cw/review_handlers.go:292.3,292.38 1 1
cw/review_handlers.go:306.61,307.54 1 1
cw/review_handlers.go:307.54,309.10 2 1
cw/review_handlers.go:309.10,311.4 1 1
cw/review_handlers.go:313.3,316.22 2 1
cw/review_handlers.go:316.22,318.4 1 0
cw/review_handlers.go:319.3,322.19 3 1
cw/review_handlers.go:322.19,324.149 2 1
cw/review_handlers.go:324.149,326.5 1 0
cw/review_handlers.go:327.4,327.37 1 1
cw/review_handlers.go:330.3,330.24 1 1
cw/review_handlers.go:330.24,333.4 2 1
cw/review_handlers.go:335.3,335.37 1 1
cw/review_handlers.go:350.60,351.54 1 1
cw/review_handlers.go:351.54,353.17 2 1
cw/review_handlers.go:353.17,356.4 2 1
cw/review_handlers.go:358.3,360.78 3 1
cw/review_handlers.go:360.78,363.4 2 1
cw/review_handlers.go:365.3,371.22 3 1
cw/review_handlers.go:371.22,373.4 1 0
cw/review_handlers.go:374.3,377.19 3 1
cw/review_handlers.go:377.19,385.18 2 1
cw/review_handlers.go:385.18,388.5 2 0
cw/review_handlers.go:389.4,389.32 1 1
cw/review_handlers.go:392.3,392.24 1 1
cw/review_handlers.go:392.24,395.4 2 1
cw/review_handlers.go:397.3,398.37 2 1
cw/screen_type_handlers.go:14.80,18.55 3 1
cw/screen_type_handlers.go:18.55,21.3 2 1
cw/screen_type_handlers.go:23.2,23.69 1 1
cw/screen_type_handlers.go:23.69,26.3 2 1
cw/screen_type_handlers.go:28.2,28.26 1 1
cw/screen_type_handlers.go:28.26,31.3 2 0
cw/screen_type_handlers.go:33.2,33.13 1 1
cw/screen_type_handlers.go:36.78,40.55 3 0
cw/screen_type_handlers.go:40.55,43.3 2 0
cw/screen_type_handlers.go:45.2,45.69 1 0
cw/screen_type_handlers.go:45.69,48.3 2 0
cw/screen_type_handlers.go:50.2,50.13 1 0
cw/screen_type_handlers.go:53.48,55.39 2 1
cw/screen_type_handlers.go:55.39,57.3 1 1
cw/screen_type_handlers.go:58.2,58.21 1 1
cw/screen_type_handlers.go:58.21,60.3 1 1
cw/screen_type_handlers.go:61.2,61.12 1 1
cw/screen_type_handlers.go:64.62,66.53 2 1
cw/screen_type_handlers.go:66.53,68.3 1 1
cw/screen_type_handlers.go:69.2,69.29 1 1
cw/screen_type_handlers.go:69.29,71.3 1 1
cw/screen_type_handlers.go:72.2,72.12 1 1
cw/screen_type_handlers.go:83.56,84.54 1 1
cw/screen_type_handlers.go:84.54,86.65 2 1
cw/screen_type_handlers.go:86.65,88.4 1 1
cw/screen_type_handlers.go:89.3,92.19 3 1
cw/screen_type_handlers.go:92.19,94.114 2 1
cw/screen_type_handlers.go:94.114,96.5 1 0
cw/screen_type_handlers.go:97.4,97.28 1 1
cw/screen_type_handlers.go:100.3,100.22 1 1
cw/screen_type_handlers.go:100.22,103.4 2 1
cw/screen_type_handlers.go:105.3,105.35 1 1
cw/screen_type_handlers.go:119.59,120.54 1 1
cw/screen_type_handlers.go:120.54,122.10 2 1
cw/screen_type_handlers.go:122.10,124.4 1 1
cw/screen_type_handlers.go:126.3,132.22 4 1
cw/screen_type_handlers.go:132.22,134.4 1 1
cw/screen_type_handlers.go:136.3,136.31 1 1
cw/screen_type_handlers.go:152.58,153.54 1 1
cw/screen_type_handlers.go:153.54,155.32 2 1
cw/screen_type_handlers.go:155.32,157.4 1 1
cw/screen_type_handlers.go:158.3,158.40 1 1
cw/screen_type_handlers.go:158.40,160.4 1 1
cw/screen_type_handlers.go:162.3,167.22 3 1
cw/screen_type_handlers.go:167.22,169.4 1 1
cw/screen_type_handlers.go:171.3,172.41 2 1
cw/screen_type_handlers.go:190.58,191.54 1 1
cw/screen_type_handlers.go:191.54,193.10 2 1
cw/screen_type_handlers.go:193.10,195.4 1 1
cw/screen_type_handlers.go:197.3,198.32 2 1
cw/screen_type_handlers.go:198.32,200.4 1 1
cw/screen_type_handlers.go:201.3,201.40 1 1
cw/screen_type_handlers.go:201.40,203.4 1 1
cw/screen_type_handlers.go:205.3,209.22 2 1
cw/screen_type_handlers.go:209.22,211.4 1 1
cw/screen_type_handlers.go:213.3,213.48 1 1
cw/screen_type_handlers.go:213.48,215.4 1 1
cw/screen_type_handlers.go:217.3,217.31 1 1
cw/screen_type_handlers.go:232.58,233.54 1 1
cw/screen_type_handlers.go:233.54,235.10 2 1
cw/screen_type_handlers.go:235.10,237.4 1 1
cw/screen_type_handlers.go:239.3,241.22 2 1
cw/screen_type_handlers.go:241.22,243.4 1 1
cw/screen_type_handlers.go:245.3,245.48 1 1
cw/screen_type_handlers.go:245.48,247.4 1 1
cw/screen_type_handlers.go:249.3,249.38 1 1
cw/screen_type_handlers.go:263.59,264.54 1 1
cw/screen_type_handlers.go:264.54,267.18 3 1
cw/screen_type_handlers.go:267.18,270.4 2 1
cw/screen_type_handlers.go:272.3,274.22 2 1
cw/screen_type_handlers.go:274.22,276.4 1 1
cw/screen_type_handlers.go:277.3,280.19 3 1
cw/screen_type_handlers.go:280.19,282.73 2 1
cw/screen_type_handlers.go:282.73,284.5 1 0
cw/screen_type_handlers.go:285.4,285.28 1 1
cw/screen_type_handlers.go:288.3,288.22 1 1
cw/screen_type_handlers.go:288.22,291.4 2 1
cw/screen_type_handlers.go:293.3,293.35 1 1
cw/seat_handlers.go:15.66,16.49 1 1
cw/seat_handlers.go:16.49,19.3 2 1
cw/seat_handlers.go:21.2,21.57 1 1
cw/seat_handlers.go:21.57,24.3 2 0
cw/seat_handlers.go:26.2,26.55 1 1
cw/seat_handlers.go:26.55,29.3 2 1
cw/seat_handlers.go:31.2,31.57 1 1
cw/seat_handlers.go:31.57,34.3 2 1
cw/seat_handlers.go:36.2,36.13 1 1
cw/seat_handlers.go:39.42,40.46 1 1
cw/seat_handlers.go:40.46,42.3 1 1
cw/seat_handlers.go:43.2,43.12 1 1
cw/seat_handlers.go:46.50,47.50 1 1
cw/seat_handlers.go:47.50,49.3 1 0
cw/seat_handlers.go:50.2,50.12 1 1
cw/seat_handlers.go:53.45,54.39 1 1
cw/seat_handlers.go:54.39,56.3 1 1
cw/seat_handlers.go:57.2,57.12 1 1
cw/seat_handlers.go:60.47,61.41 1 1
cw/seat_handlers.go:61.41,63.3 1 1
cw/seat_handlers.go:64.2,64.12 1 1
cw/seat_handlers.go:77.50,78.54 1 1
cw/seat_handlers.go:78.54,80.44 2 1
cw/seat_handlers.go:80.44,83.4 2 1
cw/seat_handlers.go:85.3,88.52 2 1
cw/seat_handlers.go:88.52,90.4 1 0
cw/seat_handlers.go:91.3,94.19 3 1
cw/seat_handlers.go:94.19,96.131 2 1
cw/seat_handlers.go:96.131,98.5 1 0
cw/seat_handlers.go:99.4,99.28 1 1
cw/seat_handlers.go:102.3,102.22 1 1
cw/seat_handlers.go:102.22,105.4 2 1
cw/seat_handlers.go:107.3,108.35 2 1
cw/seat_handlers.go:122.53,123.54 1 1
cw/seat_handlers.go:123.54,125.10 2 1
cw/seat_handlers.go:125.10,127.4 1 1
cw/seat_handlers.go:129.3,136.22 4 1
cw/seat_handlers.go:136.22,138.4 1 1
cw/seat_handlers.go:140.3,141.31 2 1
cw/seat_handlers.go:157.52,158.54 1 1
cw/seat_handlers.go:158.54,160.32 2 1
cw/seat_handlers.go:160.32,162.4 1 1
cw/seat_handlers.go:163.3,163.33 1 1
cw/seat_handlers.go:163.33,165.4 1 1
cw/seat_handlers.go:167.3,173.22 3 1
cw/seat_handlers.go:173.22,175.4 1 1
cw/seat_handlers.go:177.3,179.41 3 1
cw/seat_handlers.go:197.52,198.54 1 1
cw/seat_handlers.go:198.54,200.10 2 1
cw/seat_handlers.go:200.10,202.4 1 1
cw/seat_handlers.go:204.3,205.32 2 1
cw/seat_handlers.go:205.32,207.4 1 1
cw/seat_handlers.go:208.3,208.33 1 1
cw/seat_handlers.go:208.33,210.4 1 1
cw/seat_handlers.go:212.3,218.22 2 1
cw/seat_handlers.go:218.22,220.4 1 1
cw/seat_handlers.go:222.3,222.48 1 1
cw/seat_handlers.go:222.48,224.4 1 1
cw/seat_handlers.go:226.3,227.21 2 1
cw/seat_handlers.go:242.52,243.54 1 1
cw/seat_handlers.go:243.54,245.10 2 1
cw/seat_handlers.go:245.10,247.4 1 1
cw/seat_handlers.go:249.3,252.22 2 1
cw/seat_handlers.go:252.22,254.4 1 1
cw/seat_handlers.go:256.3,256.48 1 1
cw/seat_handlers.go:256.48,258.4 1 1
cw/seat_handlers.go:260.3,260.38 1 1
cw/seat_handlers.go:274.58,275.54 1 1
cw/seat_handlers.go:275.54,277.10 2 1
cw/seat_handlers.go:277.10,279.4 1 1
cw/seat_handlers.go:281.3,286.22 2 1
cw/seat_handlers.go:286.22,288.4 1 0
cw/seat_handlers.go:289.3,292.19 3 1
cw/seat_handlers.go:292.19,294.103 2 1
cw/seat_handlers.go:294.103,296.5 1 0
cw/seat_handlers.go:297.4,297.28 1 1
cw/seat_handlers.go:300.3,300.22 1 1
cw/seat_handlers.go:300.22,303.4 2 1
cw/seat_handlers.go:305.3,306.35 2 1
cw/seat_type_handlers.go:14.76,18.53 3 1
cw/seat_type_handlers.go:18.53,21.3 2 1
cw/seat_type_handlers.go:22.2,22.67 1 1
cw/seat_type_handlers.go:22.67,25.3 2 1
cw/seat_type_handlers.go:27.2,27.26 1 1
cw/seat_type_handlers.go:27.26,30.3 2 0
cw/seat_type_handlers.go:32.2,32.13 1 1
cw/seat_type_handlers.go:35.74,39.53 3 0
cw/seat_type_handlers.go:39.53,42.3 2 0
cw/seat_type_handlers.go:43.2,43.67 1 0
cw/seat_type_handlers.go:43.67,46.3 2 0
cw/seat_type_handlers.go:47.2,47.13 1 0
cw/seat_type_handlers.go:50.46,51.67 1 1
cw/seat_type_handlers.go:51.67,53.3 1 1
cw/seat_type_handlers.go:54.2,54.21 1 1
cw/seat_type_handlers.go:54.21,56.3 1 1
cw/seat_type_handlers.go:57.2,57.12 1 1
cw/seat_type_handlers.go:60.53,61.67 1 1
cw/seat_type_handlers.go:61.67,63.3 1 1
cw/seat_type_handlers.go:64.2,64.22 1 1
cw/seat_type_handlers.go:64.22,66.3 1 1
cw/seat_type_handlers.go:67.2,67.12 1 1
cw/seat_type_handlers.go:78.54,79.54 1 1
cw/seat_type_handlers.go:79.54,81.59 2 1
cw/seat_type_handlers.go:81.59,83.4 1 1
cw/seat_type_handlers.go:84.3,87.19 3 1
cw/seat_type_handlers.go:87.19,89.110 2 1
cw/seat_type_handlers.go:89.110,91.5 1 0
cw/seat_type_handlers.go:92.4,92.28 1 1
cw/seat_type_handlers.go:95.3,95.22 1 1
cw/seat_type_handlers.go:95.22,98.4 2 1
cw/seat_type_handlers.go:100.3,100.35 1 1
cw/seat_type_handlers.go:114.57,115.54 1 1
cw/seat_type_handlers.go:115.54,117.10 2 1
cw/seat_type_handlers.go:117.10,119.4 1 1
cw/seat_type_handlers.go:121.3,127.22 4 1
cw/seat_type_handlers.go:127.22,129.4 1 1
cw/seat_type_handlers.go:131.3,131.31 1 1
cw/seat_type_handlers.go:147.56,148.54 1 1
cw/seat_type_handlers.go:148.54,150.32 2 1
cw/seat_type_handlers.go:150.32,152.4 1 1
cw/seat_type_handlers.go:153.3,153.38 1 1
cw/seat_type_handlers.go:153.38,155.4 1 1
cw/seat_type_handlers.go:157.3,162.22 3 1
cw/seat_type_handlers.go:162.22,164.4 1 1
cw/seat_type_handlers.go:166.3,167.41 2 1
cw/seat_type_handlers.go:185.56,186.54 1 1
cw/seat_type_handlers.go:186.54,188.10 2 1
cw/seat_type_handlers.go:188.10,190.4 1 1
cw/seat_type_handlers.go:192.3,193.32 2 1
cw/seat_type_handlers.go:193.32,195.4 1 1
cw/seat_type_handlers.go:196.3,196.38 1 1
cw/seat_type_handlers.go:196.38,198.4 1 1
cw/seat_type_handlers.go:200.3,204.22 2 1
cw/seat_type_handlers.go:204.22,206.4 1 1
cw/seat_type_handlers.go:207.3,207.48 1 1
cw/seat_type_handlers.go:207.48,209.4 1 1
cw/seat_type_handlers.go:211.3,211.31 1 1
cw/seat_type_handlers.go:226.56,227.54 1 1
cw/seat_type_handlers.go:227.54,229.10 2 1
cw/seat_type_handlers.go:229.10,231.4 1 1
cw/seat_type_handlers.go:233.3,236.22 2 1
cw/seat_type_handlers.go:236.22,238.4 1 1
cw/seat_type_handlers.go:239.3,239.48 1 1
cw/seat_type_handlers.go:239.48,241.4 1 1
cw/seat_type_handlers.go:243.3,243.38 1 1
cw/seat_type_handlers.go:257.57,258.54 1 1
cw/seat_type_handlers.go:258.54,261.18 3 1
cw/seat_type_handlers.go:261.18,264.4 2 1
cw/seat_type_handlers.go:266.3,268.22 2 1
cw/seat_type_handlers.go:268.22,270.4 1 1
cw/seat_type_handlers.go:271.3,274.19 3 1
cw/seat_type_handlers.go:274.19,276.73 2 1
cw/seat_type_handlers.go:276.73,278.5 1 0
cw/seat_type_handlers.go:279.4,279.28 1 1
cw/seat_type_handlers.go:282.3,282.22 1 1
cw/seat_type_handlers.go:282.22,285.4 2 1
cw/seat_type_handlers.go:287.3,287.35 1 1
cw/ticket_handlers.go:15.67,16.55 1 1
cw/ticket_handlers.go:16.55,19.3 2 1
cw/ticket_handlers.go:20.2,20.17 1 1
cw/ticket_handlers.go:20.17,23.3 2 1
cw/ticket_handlers.go:25.2,25.53 1 1
cw/ticket_handlers.go:25.53,28.3 2 1
cw/ticket_handlers.go:30.2,30.48 1 1
cw/ticket_handlers.go:30.48,33.3 2 0
cw/ticket_handlers.go:35.2,35.13 1 1
cw/ticket_handlers.go:38.62,39.23 1 1
cw/ticket_handlers.go:39.23,41.3 1 1
cw/ticket_handlers.go:42.2,42.12 1 1
cw/ticket_handlers.go:57.65,58.54 1 1
cw/ticket_handlers.go:58.54,60.10 2 1
cw/ticket_handlers.go:60.10,62.4 1 0
cw/ticket_handlers.go:64.3,65.44 2 1
cw/ticket_handlers.go:65.44,68.4 2 1
cw/ticket_handlers.go:70.3,74.54 2 1
cw/ticket_handlers.go:74.54,76.4 1 0
cw/ticket_handlers.go:77.3,80.19 3 1
cw/ticket_handlers.go:80.19,82.137 2 1
cw/ticket_handlers.go:82.137,84.5 1 0
cw/ticket_handlers.go:85.4,85.32 1 1
cw/ticket_handlers.go:88.3,88.24 1 1
cw/ticket_handlers.go:88.24,90.4 1 1
cw/ticket_handlers.go:92.3,92.37 1 1
cw/ticket_handlers.go:107.74,108.54 1 0
cw/ticket_handlers.go:108.54,110.10 2 0
cw/ticket_handlers.go:110.10,112.4 1 0
cw/ticket_handlers.go:114.3,118.54 2 0
cw/ticket_handlers.go:118.54,120.4 1 0
cw/ticket_handlers.go:121.3,124.19 3 0
cw/ticket_handlers.go:124.19,126.115 2 0
cw/ticket_handlers.go:126.115,128.5 1 0
cw/ticket_handlers.go:129.4,129.32 1 0
cw/ticket_handlers.go:132.3,132.24 1 0
cw/ticket_handlers.go:132.24,134.4 1 0
cw/ticket_handlers.go:136.3,136.37 1 0
cw/ticket_handlers.go:179.54,180.54 1 1
cw/ticket_handlers.go:180.54,182.32 2 1
cw/ticket_handlers.go:182.32,184.4 1 1
cw/ticket_handlers.go:186.3,186.32 1 1
cw/ticket_handlers.go:186.32,188.4 1 1
cw/ticket_handlers.go:190.3,193.22 3 1
cw/ticket_handlers.go:193.22,195.4 1 1
cw/ticket_handlers.go:197.3,198.41 2 1
cw/ticket_handlers.go:216.54,217.54 1 1
cw/ticket_handlers.go:217.54,219.10 2 1
cw/ticket_handlers.go:219.10,221.4 1 1
cw/ticket_handlers.go:223.3,224.44 2 1
cw/ticket_handlers.go:224.44,227.4 2 1
cw/ticket_handlers.go:229.3,230.32 2 1
cw/ticket_handlers.go:230.32,232.4 1 1
cw/ticket_handlers.go:234.3,234.32 1 1
cw/ticket_handlers.go:234.32,236.4 1 0
cw/ticket_handlers.go:238.3,240.22 2 1
cw/ticket_handlers.go:240.22,242.4 1 0
cw/ticket_handlers.go:244.3,244.48 1 1
cw/ticket_handlers.go:244.48,246.4 1 0
cw/ticket_handlers.go:247.3,247.21 1 1
cw/ticket_handlers.go:265.71,266.54 1 0
cw/ticket_handlers.go:266.54,268.10 2 0
cw/ticket_handlers.go:268.10,270.4 1 0
cw/ticket_handlers.go:272.3,273.32 2 0
cw/ticket_handlers.go:273.32,275.4 1 0
cw/ticket_handlers.go:277.3,277.49 1 0
cw/ticket_handlers.go:277.49,280.4 2 0
cw/ticket_handlers.go:282.3,285.17 3 0
cw/ticket_handlers.go:285.17,288.4 2 0
cw/ticket_handlers.go:290.3,292.120 3 0
cw/ticket_handlers.go:292.120,295.4 2 0
cw/ticket_handlers.go:297.3,298.16 2 0
cw/ticket_handlers.go:298.16,301.4 1 0
cw/ticket_handlers.go:301.9,304.4 1 0
cw/ticket_handlers.go:305.3,305.22 1 0
cw/ticket_handlers.go:305.22,307.4 1 0
cw/ticket_handlers.go:309.3,309.48 1 0
cw/ticket_handlers.go:309.48,311.4 1 0
cw/ticket_handlers.go:312.3,312.21 1 0
cw/ticket_handlers.go:327.54,328.54 1 1
cw/ticket_handlers.go:328.54,330.10 2 1
cw/ticket_handlers.go:330.10,332.4 1 1
cw/ticket_handlers.go:334.3,335.22 2 1
cw/ticket_handlers.go:335.22,337.4 1 1
cw/ticket_handlers.go:339.3,339.48 1 1
cw/ticket_handlers.go:339.48,341.4 1 0
cw/ticket_handlers.go:342.3,342.38 1 1
cw/ticket_handlers.go:356.60,357.54 1 1
cw/ticket_handlers.go:357.54,359.10 2 1
cw/ticket_handlers.go:359.10,361.4 1 1
cw/ticket_handlers.go:363.3,365.78 3 1
cw/ticket_handlers.go:365.78,368.4 2 1
cw/ticket_handlers.go:370.3,374.22 2 1
cw/ticket_handlers.go:374.22,376.4 1 0
cw/ticket_handlers.go:377.3,380.19 3 1
cw/ticket_handlers.go:380.19,382.102 2 1
cw/ticket_handlers.go:382.102,386.5 3 0
cw/ticket_handlers.go:387.4,387.32 1 1
cw/ticket_handlers.go:390.3,390.24 1 1
cw/ticket_handlers.go:390.24,392.4 1 1
cw/ticket_handlers.go:394.3,394.37 1 1
cw/time.go:25.17,35.16 5 0
cw/time.go:35.16,37.3 1 0
cw/time.go:38.2,42.29 3 0
cw/time.go:42.29,47.51 3 0
cw/time.go:47.51,49.4 1 0
cw/time.go:52.3,53.17 2 0
cw/time.go:53.17,55.4 1 0
cw/time.go:56.3,59.128 2 0
cw/time.go:59.128,61.4 1 0
cw/time.go:64.3,65.17 2 0
cw/time.go:65.17,67.4 1 0
cw/time.go:68.3,71.89 2 0
cw/time.go:71.89,73.4 1 0
cw/time.go:75.3,75.26 1 0
cw/time.go:79.2,79.78 1 0
cw/time.go:79.78,81.3 1 0
cw/time.go:84.39,86.32 2 0
cw/time.go:86.32,88.26 2 0
cw/time.go:88.26,90.4 1 0
cw/time.go:91.3,94.18 2 0
cw/time.go:94.18,95.28 1 0
cw/time.go:95.28,97.5 1 0
cw/time.go:100.2,100.14 1 0
cw/time.go:103.50,116.20 1 0
cw/time.go:116.20,118.3 1 0
cw/time.go:121.2,127.20 1 0
cw/time.go:127.20,129.3 1 0
cw/time.go:132.2,141.20 1 0
cw/time.go:141.20,143.3 1 0
cw/time.go:146.2,146.128 1 0
cw/time.go:146.128,148.3 1 0
cw/time.go:151.2,174.26 1 0
cw/time.go:174.26,176.3 1 0
cw/time.go:179.2,179.127 1 0
cw/time.go:179.127,181.3 1 0
cw/time.go:183.2,183.12 1 0
cw/time.go:186.88,191.16 3 0
cw/time.go:191.16,193.3 1 0
cw/time.go:194.2,197.18 3 0
cw/time.go:197.18,199.40 2 0
cw/time.go:199.40,201.4 1 0
cw/time.go:202.3,202.32 1 0
cw/time.go:205.2,205.34 1 0
cw/time.go:205.34,225.24 8 0
cw/time.go:225.24,227.4 1 0
cw/time.go:229.3,229.17 1 0
cw/time.go:229.17,231.4 1 0
cw/time.go:232.3,234.23 2 0
cw/time.go:237.2,237.51 1 0
cw/time.go:240.82,255.23 11 0
cw/time.go:255.23,261.3 4 0
cw/time.go:264.2,268.16 2 0
cw/time.go:268.16,270.3 1 0
cw/time.go:273.2,273.85 1 0
cw/time.go:273.85,275.3 1 0
cw/time.go:277.2,278.12 2 0
cw/user_handlers.go:16.66,21.49 4 1
cw/user_handlers.go:21.49,24.3 2 0
cw/user_handlers.go:26.2,26.51 1 1
cw/user_handlers.go:26.51,29.3 2 1
cw/user_handlers.go:31.2,31.59 1 1
cw/user_handlers.go:31.59,34.3 2 1
cw/user_handlers.go:36.2,36.13 1 1
cw/user_handlers.go:39.42,41.39 2 1
cw/user_handlers.go:41.39,43.3 1 1
cw/user_handlers.go:45.2,45.49 1 1
cw/user_handlers.go:45.49,47.3 1 0
cw/user_handlers.go:49.2,49.38 1 1
cw/user_handlers.go:49.38,51.3 1 0
cw/user_handlers.go:52.2,52.12 1 1
cw/user_handlers.go:55.44,57.41 2 1
cw/user_handlers.go:57.41,59.3 1 1
cw/user_handlers.go:61.2,61.22 1 1
cw/user_handlers.go:61.22,63.3 1 0
cw/user_handlers.go:64.2,64.12 1 1
cw/user_handlers.go:67.52,69.16 2 1
cw/user_handlers.go:69.16,71.3 1 0
cw/user_handlers.go:73.2,77.29 4 1
cw/user_handlers.go:77.29,79.3 1 1
cw/user_handlers.go:81.2,81.37 1 1
cw/user_handlers.go:81.37,83.3 1 1
cw/user_handlers.go:85.2,85.12 1 1
cw/user_handlers.go:88.50,89.23 1 1
cw/user_handlers.go:89.23,91.3 1 1
cw/user_handlers.go:92.2,92.12 1 1
cw/user_handlers.go:105.50,106.54 1 1
cw/user_handlers.go:106.54,110.44 2 1
cw/user_handlers.go:110.44,113.4 2 1
cw/user_handlers.go:115.3,117.66 2 1
cw/user_handlers.go:117.66,119.4 1 0
cw/user_handlers.go:120.3,124.19 4 1
cw/user_handlers.go:124.19,126.150 2 1
cw/user_handlers.go:126.150,128.5 1 0
cw/user_handlers.go:129.4,130.28 2 1
cw/user_handlers.go:133.3,133.22 1 1
cw/user_handlers.go:133.22,136.4 2 0
cw/user_handlers.go:138.3,138.35 1 1
cw/user_handlers.go:153.53,154.54 1 1
cw/user_handlers.go:154.54,156.10 2 1
cw/user_handlers.go:156.10,158.4 1 1
cw/user_handlers.go:160.3,162.74 3 1
cw/user_handlers.go:162.74,165.4 2 1
cw/user_handlers.go:167.3,174.22 5 1
cw/user_handlers.go:174.22,176.4 1 1
cw/user_handlers.go:178.3,178.31 1 1
cw/user_handlers.go:196.52,197.54 1 1
cw/user_handlers.go:197.54,199.10 2 1
cw/user_handlers.go:199.10,201.4 1 1
cw/user_handlers.go:203.3,205.74 3 1
cw/user_handlers.go:205.74,208.4 2 1
cw/user_handlers.go:210.3,211.32 2 1
cw/user_handlers.go:211.32,213.4 1 1
cw/user_handlers.go:215.3,215.33 1 1
cw/user_handlers.go:215.33,217.4 1 1
cw/user_handlers.go:219.3,223.22 2 1
cw/user_handlers.go:223.22,225.4 1 0
cw/user_handlers.go:227.3,227.48 1 1
cw/user_handlers.go:227.48,229.4 1 1
cw/user_handlers.go:231.3,231.31 1 1
cw/user_handlers.go:246.57,247.54 1 0
cw/user_handlers.go:247.54,249.10 2 0
cw/user_handlers.go:249.10,251.4 1 0
cw/user_handlers.go:253.3,258.22 3 0
cw/user_handlers.go:258.22,260.4 1 0
cw/user_handlers.go:262.3,263.38 2 0
cw/user_handlers.go:281.63,282.54 1 0
cw/user_handlers.go:282.54,284.10 2 0
cw/user_handlers.go:284.10,286.4 1 0
cw/user_handlers.go:288.3,289.32 2 0
cw/user_handlers.go:289.32,291.4 1 0
cw/user_handlers.go:293.3,295.113 3 0
cw/user_handlers.go:295.113,298.4 2 0
cw/user_handlers.go:300.3,304.22 2 0
cw/user_handlers.go:304.22,306.4 1 0
cw/user_handlers.go:308.3,308.48 1 0
cw/user_handlers.go:308.48,310.4 1 0
cw/user_handlers.go:312.3,312.31 1 0
cw/user_handlers.go:329.60,330.54 1 0
cw/user_handlers.go:330.54,332.10 2 0
cw/user_handlers.go:332.10,334.4 1 0
cw/user_handlers.go:336.3,337.44 2 0
cw/user_handlers.go:337.44,340.4 2 0
cw/user_handlers.go:342.3,348.22 3 0
cw/user_handlers.go:348.22,350.4 1 0
cw/user_handlers.go:352.3,353.31 2 0
cw/user_handlers.go:368.52,369.54 1 1
cw/user_handlers.go:369.54,371.10 2 1
cw/user_handlers.go:371.10,373.4 1 1
cw/user_handlers.go:375.3,376.29 2 1
cw/user_handlers.go:376.29,379.4 2 0
cw/user_handlers.go:381.3,384.22 2 1
cw/user_handlers.go:384.22,386.4 1 1
cw/user_handlers.go:388.3,388.48 1 1
cw/user_handlers.go:388.48,390.4 1 1
cw/user_handlers.go:392.3,392.38 1 1
cw/user_handlers.go:407.54,408.54 1 1
cw/user_handlers.go:408.54,410.35 2 1
cw/user_handlers.go:410.35,412.4 1 1
cw/user_handlers.go:414.3,418.53 4 1
cw/user_handlers.go:418.53,421.4 2 1
cw/user_handlers.go:423.3,423.55 1 1
cw/user_handlers.go:423.55,426.4 2 1
cw/user_handlers.go:428.3,428.65 1 1
cw/user_handlers.go:428.65,431.4 2 1
cw/user_handlers.go:433.3,433.63 1 1
cw/user_handlers.go:433.63,436.4 2 1
cw/user_handlers.go:438.3,443.22 3 1
cw/user_handlers.go:443.22,445.4 1 1
cw/user_handlers.go:447.3,448.21 2 1
cw/user_handlers.go:463.51,464.54 1 1
cw/user_handlers.go:464.54,466.36 2 1
cw/user_handlers.go:466.36,468.4 1 1
cw/user_handlers.go:470.3,472.56 2 1
cw/user_handlers.go:472.56,475.4 2 1
cw/user_handlers.go:477.3,477.66 1 1
cw/user_handlers.go:477.66,480.4 2 1
cw/user_handlers.go:482.3,491.20 3 1
cw/user_handlers.go:491.20,494.4 2 1
cw/user_handlers.go:495.3,495.22 1 1
cw/user_handlers.go:495.22,497.4 1 0
cw/user_handlers.go:499.3,499.46 1 1
cw/user_handlers.go:499.46,502.4 2 1
cw/user_handlers.go:504.3,505.19 2 1
cw/user_handlers.go:505.19,507.4 1 0
cw/user_handlers.go:509.3,510.17 2 1
cw/user_handlers.go:510.17,513.4 2 0
cw/user_handlers.go:515.3,518.34 4 1
cw/validate.go:8.41,12.2 2 1
cw/validate.go:14.50,15.18 1 1
cw/validate.go:15.18,18.3 2 1
cw/validate.go:20.2,20.12 1 1
cw/validate.go:23.41,25.16 2 0
cw/validate.go:25.16,26.21 1 0
cw/validate.go:28.2,28.10 1 0
cw/docs/docs.go:4298.13,4300.2 1 1
