mode: set
cw/docs/docs.go:3574.13,3576.2 1 0
cw/all_models.go:16.42,17.11 1 1
cw/all_models.go:18.58,19.14 1 1
cw/all_models.go:21.2,21.14 1 1
cw/all_models.go:32.46,33.11 1 1
cw/all_models.go:34.38,35.14 1 1
cw/all_models.go:37.2,37.14 1 1
cw/data.go:46.28,48.2 1 1
cw/errors.go:16.41,19.28 2 1
cw/errors.go:19.28,21.3 1 1
cw/errors.go:23.2,23.14 1 1
cw/errors.go:26.31,28.2 1 1
cw/errors.go:30.40,31.44 1 1
cw/errors.go:31.44,33.3 1 1
cw/errors.go:34.2,34.14 1 1
cw/errors.go:37.44,38.44 1 1
cw/errors.go:38.44,40.3 1 1
cw/errors.go:41.2,41.14 1 1
cw/errors.go:44.41,45.44 1 1
cw/errors.go:45.44,47.3 1 1
cw/errors.go:48.2,48.14 1 1
cw/errors.go:51.36,52.44 1 1
cw/errors.go:52.44,54.3 1 1
cw/errors.go:55.2,55.14 1 1
cw/errors.go:58.41,61.28 2 1
cw/errors.go:61.28,63.3 1 1
cw/errors.go:65.2,65.14 1 1
cw/errors.go:68.41,69.44 1 0
cw/errors.go:69.44,71.3 1 0
cw/errors.go:72.2,72.14 1 0
cw/errors.go:75.54,76.44 1 0
cw/errors.go:76.44,78.3 1 0
cw/errors.go:79.2,79.14 1 0
cw/errors.go:82.83,84.37 2 1
cw/errors.go:84.37,87.3 2 1
cw/errors.go:88.2,88.17 1 1
cw/errors.go:102.81,108.42 4 1
cw/errors.go:108.42,112.10 3 1
cw/errors.go:113.31,114.107 1 0
cw/errors.go:115.37,116.136 1 1
cw/errors.go:117.40,118.139 1 0
cw/errors.go:119.63,121.103 2 1
cw/errors.go:122.11,123.78 1 0
cw/errors.go:125.3,125.15 1 1
cw/errors.go:128.2,128.20 1 1
cw/errors.go:128.20,131.3 2 0
cw/errors.go:133.2,133.13 1 1
cw/errors.go:136.80,137.16 1 1
cw/errors.go:137.16,140.3 2 0
cw/errors.go:141.2,141.14 1 1
cw/errors.go:144.72,145.23 1 1
cw/errors.go:145.23,148.3 2 1
cw/errors.go:149.2,149.13 1 1
cw/errors.go:152.83,153.35 1 0
cw/errors.go:153.35,154.18 1 0
cw/errors.go:154.18,157.4 2 0
cw/errors.go:159.2,159.13 1 0
cw/errors.go:162.53,163.16 1 1
cw/errors.go:163.16,164.29 1 1
cw/errors.go:164.29,167.4 2 1
cw/errors.go:168.3,168.30 1 1
cw/errors.go:168.30,171.4 2 1
cw/errors.go:172.3,172.20 1 1
cw/errors.go:172.20,175.4 2 1
cw/errors.go:176.3,176.33 1 1
cw/errors.go:176.33,179.4 2 1
cw/errors.go:180.3,180.30 1 1
cw/errors.go:180.30,183.4 2 0
cw/errors.go:184.3,184.25 1 1
cw/errors.go:184.25,187.4 2 0
cw/errors.go:188.3,188.30 1 1
cw/errors.go:188.30,191.4 2 0
cw/errors.go:192.3,192.98 1 1
cw/errors.go:192.98,195.4 2 1
cw/errors.go:197.3,198.14 2 1
cw/errors.go:201.2,201.14 1 1
cw/genre_handlers.go:14.68,18.50 3 1
cw/genre_handlers.go:18.50,21.3 2 1
cw/genre_handlers.go:23.2,23.64 1 1
cw/genre_handlers.go:23.64,26.3 2 1
cw/genre_handlers.go:28.2,28.13 1 1
cw/genre_handlers.go:31.43,33.39 2 1
cw/genre_handlers.go:33.39,35.3 1 1
cw/genre_handlers.go:37.2,37.49 1 1
cw/genre_handlers.go:37.49,39.3 1 0
cw/genre_handlers.go:41.2,41.38 1 1
cw/genre_handlers.go:41.38,43.3 1 1
cw/genre_handlers.go:44.2,44.12 1 1
cw/genre_handlers.go:47.57,49.53 2 1
cw/genre_handlers.go:49.53,51.3 1 1
cw/genre_handlers.go:52.2,52.29 1 1
cw/genre_handlers.go:52.29,54.3 1 1
cw/genre_handlers.go:55.2,55.12 1 1
cw/genre_handlers.go:67.51,68.54 1 1
cw/genre_handlers.go:68.54,70.52 2 1
cw/genre_handlers.go:70.52,72.4 1 0
cw/genre_handlers.go:73.3,76.19 3 1
cw/genre_handlers.go:76.19,78.101 2 1
cw/genre_handlers.go:78.101,80.5 1 0
cw/genre_handlers.go:81.4,81.30 1 1
cw/genre_handlers.go:84.3,84.23 1 1
cw/genre_handlers.go:84.23,87.4 2 1
cw/genre_handlers.go:89.3,89.36 1 1
cw/genre_handlers.go:104.54,105.54 1 1
cw/genre_handlers.go:105.54,107.10 2 1
cw/genre_handlers.go:107.10,109.4 1 1
cw/genre_handlers.go:111.3,117.22 4 1
cw/genre_handlers.go:117.22,119.4 1 1
cw/genre_handlers.go:121.3,121.31 1 1
cw/genre_handlers.go:137.53,138.54 1 1
cw/genre_handlers.go:138.54,140.32 2 1
cw/genre_handlers.go:140.32,142.4 1 1
cw/genre_handlers.go:144.3,144.34 1 1
cw/genre_handlers.go:144.34,146.4 1 1
cw/genre_handlers.go:148.3,153.22 3 1
cw/genre_handlers.go:153.22,155.4 1 1
cw/genre_handlers.go:157.3,158.41 2 1
cw/genre_handlers.go:176.53,177.54 1 1
cw/genre_handlers.go:177.54,179.10 2 1
cw/genre_handlers.go:179.10,181.4 1 1
cw/genre_handlers.go:183.3,184.32 2 1
cw/genre_handlers.go:184.32,186.4 1 1
cw/genre_handlers.go:188.3,188.34 1 1
cw/genre_handlers.go:188.34,190.4 1 1
cw/genre_handlers.go:192.3,196.22 2 1
cw/genre_handlers.go:196.22,198.4 1 1
cw/genre_handlers.go:200.3,200.48 1 1
cw/genre_handlers.go:200.48,202.4 1 1
cw/genre_handlers.go:204.3,204.31 1 1
cw/genre_handlers.go:220.53,221.54 1 1
cw/genre_handlers.go:221.54,223.10 2 1
cw/genre_handlers.go:223.10,225.4 1 1
cw/genre_handlers.go:227.3,230.22 2 1
cw/genre_handlers.go:230.22,232.4 1 1
cw/genre_handlers.go:234.3,234.48 1 1
cw/genre_handlers.go:234.48,236.4 1 1
cw/genre_handlers.go:238.3,238.38 1 1
cw/genre_handlers.go:253.54,254.54 1 1
cw/genre_handlers.go:254.54,257.18 3 1
cw/genre_handlers.go:257.18,260.4 2 1
cw/genre_handlers.go:262.3,265.22 2 1
cw/genre_handlers.go:265.22,267.4 1 0
cw/genre_handlers.go:268.3,271.19 3 1
cw/genre_handlers.go:271.19,273.101 2 1
cw/genre_handlers.go:273.101,275.5 1 0
cw/genre_handlers.go:277.4,277.30 1 1
cw/genre_handlers.go:280.3,280.23 1 1
cw/genre_handlers.go:280.23,283.4 2 1
cw/genre_handlers.go:285.3,285.36 1 1
cw/hall_handlers.go:14.66,18.49 3 1
cw/hall_handlers.go:18.49,21.3 2 1
cw/hall_handlers.go:23.2,23.57 1 1
cw/hall_handlers.go:23.57,26.3 2 0
cw/hall_handlers.go:28.2,28.61 1 1
cw/hall_handlers.go:28.61,31.3 2 0
cw/hall_handlers.go:33.2,33.63 1 1
cw/hall_handlers.go:33.63,36.3 2 0
cw/hall_handlers.go:38.2,38.13 1 1
cw/hall_handlers.go:41.42,42.82 1 1
cw/hall_handlers.go:42.82,44.3 1 1
cw/hall_handlers.go:46.2,46.49 1 1
cw/hall_handlers.go:46.49,48.3 1 0
cw/hall_handlers.go:50.2,50.39 1 1
cw/hall_handlers.go:50.39,52.3 1 1
cw/hall_handlers.go:53.2,53.12 1 1
cw/hall_handlers.go:56.47,57.19 1 1
cw/hall_handlers.go:57.19,59.3 1 0
cw/hall_handlers.go:60.2,60.12 1 1
cw/hall_handlers.go:63.54,64.52 1 1
cw/hall_handlers.go:64.52,66.3 1 0
cw/hall_handlers.go:67.2,67.12 1 1
cw/hall_handlers.go:70.57,71.24 1 1
cw/hall_handlers.go:71.24,72.58 1 1
cw/hall_handlers.go:72.58,74.4 1 0
cw/hall_handlers.go:76.3,76.31 1 1
cw/hall_handlers.go:76.31,78.4 1 0
cw/hall_handlers.go:80.2,80.12 1 1
cw/hall_handlers.go:92.50,93.54 1 1
cw/hall_handlers.go:93.54,96.50 2 1
cw/hall_handlers.go:96.50,98.4 1 0
cw/hall_handlers.go:99.3,102.19 3 1
cw/hall_handlers.go:102.19,104.129 2 1
cw/hall_handlers.go:104.129,106.5 1 0
cw/hall_handlers.go:107.4,107.28 1 1
cw/hall_handlers.go:110.3,110.22 1 1
cw/hall_handlers.go:110.22,113.4 2 1
cw/hall_handlers.go:115.3,116.35 2 1
cw/hall_handlers.go:131.53,132.54 1 1
cw/hall_handlers.go:132.54,134.10 2 1
cw/hall_handlers.go:134.10,136.4 1 1
cw/hall_handlers.go:138.3,144.22 4 1
cw/hall_handlers.go:144.22,146.4 1 1
cw/hall_handlers.go:148.3,149.31 2 1
cw/hall_handlers.go:166.52,167.54 1 1
cw/hall_handlers.go:167.54,169.32 2 1
cw/hall_handlers.go:169.32,171.4 1 1
cw/hall_handlers.go:173.3,173.33 1 1
cw/hall_handlers.go:173.33,175.4 1 1
cw/hall_handlers.go:177.3,182.22 3 1
cw/hall_handlers.go:182.22,184.4 1 1
cw/hall_handlers.go:186.3,188.41 3 1
cw/hall_handlers.go:207.52,208.54 1 1
cw/hall_handlers.go:208.54,210.10 2 1
cw/hall_handlers.go:210.10,212.4 1 1
cw/hall_handlers.go:214.3,215.32 2 1
cw/hall_handlers.go:215.32,217.4 1 1
cw/hall_handlers.go:219.3,219.33 1 1
cw/hall_handlers.go:219.33,221.4 1 1
cw/hall_handlers.go:223.3,227.22 2 1
cw/hall_handlers.go:227.22,229.4 1 1
cw/hall_handlers.go:231.3,231.48 1 1
cw/hall_handlers.go:231.48,233.4 1 1
cw/hall_handlers.go:235.3,236.21 2 1
cw/hall_handlers.go:252.52,253.54 1 1
cw/hall_handlers.go:253.54,255.10 2 1
cw/hall_handlers.go:255.10,257.4 1 1
cw/hall_handlers.go:259.3,262.22 2 1
cw/hall_handlers.go:262.22,264.4 1 1
cw/hall_handlers.go:266.3,266.48 1 1
cw/hall_handlers.go:266.48,268.4 1 1
cw/hall_handlers.go:270.3,270.38 1 1
cw/hall_handlers.go:285.62,286.54 1 1
cw/hall_handlers.go:286.54,288.53 2 1
cw/hall_handlers.go:288.53,291.4 2 1
cw/hall_handlers.go:293.3,297.22 2 1
cw/hall_handlers.go:297.22,299.4 1 0
cw/hall_handlers.go:300.3,303.19 3 1
cw/hall_handlers.go:303.19,305.129 2 1
cw/hall_handlers.go:305.129,307.5 1 0
cw/hall_handlers.go:308.4,308.28 1 1
cw/hall_handlers.go:311.3,311.22 1 1
cw/hall_handlers.go:311.22,314.4 2 1
cw/hall_handlers.go:316.3,317.35 2 1
cw/hall_handlers.go:332.59,333.54 1 1
cw/hall_handlers.go:333.54,336.18 3 1
cw/hall_handlers.go:336.18,339.4 2 0
cw/hall_handlers.go:341.3,345.22 2 1
cw/hall_handlers.go:345.22,347.4 1 0
cw/hall_handlers.go:348.3,351.19 3 1
cw/hall_handlers.go:351.19,353.129 2 1
cw/hall_handlers.go:353.129,355.5 1 0
cw/hall_handlers.go:356.4,356.28 1 1
cw/hall_handlers.go:359.3,359.22 1 1
cw/hall_handlers.go:359.22,362.4 2 1
cw/hall_handlers.go:364.3,365.35 2 1
cw/main.go:25.13,28.16 3 0
cw/main.go:28.16,30.3 1 0
cw/main.go:32.2,32.33 1 0
cw/main.go:32.33,34.3 1 0
cw/main.go:36.2,40.41 4 0
cw/main.go:40.41,42.3 1 0
cw/main.go:44.2,45.43 2 0
cw/main.go:48.33,122.2 59 1
cw/main.go:138.21,147.16 4 0
cw/main.go:147.16,149.3 1 0
cw/main.go:151.2,155.16 2 0
cw/main.go:155.16,157.3 1 0
cw/main.go:159.2,163.16 2 0
cw/main.go:163.16,165.3 1 0
cw/main.go:167.2,167.12 1 0
cw/main.go:170.25,178.16 4 1
cw/main.go:178.16,180.3 1 0
cw/main.go:182.2,186.16 2 1
cw/main.go:186.16,188.3 1 0
cw/main.go:190.2,194.16 2 1
cw/main.go:194.16,196.3 1 0
cw/main.go:198.2,198.12 1 1
cw/main.go:201.56,202.54 1 1
cw/main.go:202.54,204.24 2 1
cw/main.go:204.24,206.103 2 1
cw/main.go:206.103,208.5 1 1
cw/main.go:210.4,210.34 1 1
cw/main.go:210.34,213.5 2 0
cw/main.go:215.4,215.37 1 1
cw/main.go:216.9,218.4 1 1
cw/main.go:219.3,219.23 1 1
cw/main.go:223.56,234.2 3 1
cw/main.go:243.89,244.54 1 1
cw/main.go:244.54,248.15 3 1
cw/main.go:249.27,251.18 2 1
cw/main.go:251.18,253.5 1 1
cw/main.go:254.26,256.18 2 1
cw/main.go:256.18,258.5 1 1
cw/main.go:259.11,261.18 2 1
cw/main.go:261.18,263.5 1 1
cw/main.go:266.3,266.16 1 1
cw/main.go:266.16,269.4 2 0
cw/main.go:271.3,271.20 1 1
cw/movie_handlers.go:19.68,23.52 3 1
cw/movie_handlers.go:23.52,26.3 2 1
cw/movie_handlers.go:28.2,28.58 1 1
cw/movie_handlers.go:28.58,31.3 2 1
cw/movie_handlers.go:33.2,33.64 1 1
cw/movie_handlers.go:33.64,36.3 2 1
cw/movie_handlers.go:38.2,38.58 1 1
cw/movie_handlers.go:38.58,41.3 2 1
cw/movie_handlers.go:43.2,43.13 1 1
cw/movie_handlers.go:46.40,47.50 1 1
cw/movie_handlers.go:47.50,49.3 1 1
cw/movie_handlers.go:50.2,50.12 1 1
cw/movie_handlers.go:53.45,54.50 1 1
cw/movie_handlers.go:54.50,56.3 1 1
cw/movie_handlers.go:57.2,57.22 1 1
cw/movie_handlers.go:57.22,59.3 1 0
cw/movie_handlers.go:60.2,60.12 1 1
cw/movie_handlers.go:63.51,65.16 2 1
cw/movie_handlers.go:65.16,67.3 1 1
cw/movie_handlers.go:69.2,69.96 1 1
cw/movie_handlers.go:69.96,71.3 1 1
cw/movie_handlers.go:73.2,73.12 1 1
cw/movie_handlers.go:76.49,77.52 1 0
cw/movie_handlers.go:77.52,79.3 1 0
cw/movie_handlers.go:81.2,81.12 1 0
cw/movie_handlers.go:84.57,85.56 1 1
cw/movie_handlers.go:85.56,87.3 1 1
cw/movie_handlers.go:88.2,88.29 1 1
cw/movie_handlers.go:88.29,90.3 1 1
cw/movie_handlers.go:91.2,91.12 1 1
cw/movie_handlers.go:94.48,96.28 2 1
cw/movie_handlers.go:96.28,98.3 1 1
cw/movie_handlers.go:99.2,99.12 1 1
cw/movie_handlers.go:102.50,103.17 1 0
cw/movie_handlers.go:103.17,105.3 1 0
cw/movie_handlers.go:106.2,106.12 1 0
cw/movie_handlers.go:110.78,124.16 2 1
cw/movie_handlers.go:124.16,126.3 1 0
cw/movie_handlers.go:127.2,130.18 3 1
cw/movie_handlers.go:130.18,132.67 2 1
cw/movie_handlers.go:132.67,134.4 1 0
cw/movie_handlers.go:135.3,135.29 1 1
cw/movie_handlers.go:137.2,137.20 1 1
cw/movie_handlers.go:140.76,141.24 1 1
cw/movie_handlers.go:141.24,143.3 1 0
cw/movie_handlers.go:145.2,146.35 2 1
cw/movie_handlers.go:146.35,149.3 1 1
cw/movie_handlers.go:151.2,155.21 3 1
cw/movie_handlers.go:155.21,157.17 2 1
cw/movie_handlers.go:157.17,159.4 1 0
cw/movie_handlers.go:162.2,162.19 1 1
cw/movie_handlers.go:165.100,172.16 2 1
cw/movie_handlers.go:172.16,174.3 1 0
cw/movie_handlers.go:177.2,184.12 2 1
cw/movie_handlers.go:196.51,197.54 1 1
cw/movie_handlers.go:197.54,201.17 2 1
cw/movie_handlers.go:201.17,204.4 2 0
cw/movie_handlers.go:205.3,208.19 3 1
cw/movie_handlers.go:208.19,210.143 2 1
cw/movie_handlers.go:210.143,213.5 2 0
cw/movie_handlers.go:215.4,216.18 2 1
cw/movie_handlers.go:216.18,219.5 2 0
cw/movie_handlers.go:220.4,222.30 2 1
cw/movie_handlers.go:225.3,225.23 1 1
cw/movie_handlers.go:225.23,228.4 2 1
cw/movie_handlers.go:230.3,231.36 2 1
cw/movie_handlers.go:246.54,247.54 1 1
cw/movie_handlers.go:247.54,249.10 2 1
cw/movie_handlers.go:249.10,251.4 1 1
cw/movie_handlers.go:253.3,258.22 3 1
cw/movie_handlers.go:258.22,260.4 1 1
cw/movie_handlers.go:262.3,263.22 2 1
cw/movie_handlers.go:263.22,265.4 1 0
cw/movie_handlers.go:266.3,269.31 3 1
cw/movie_handlers.go:285.53,286.54 1 1
cw/movie_handlers.go:286.54,288.35 2 1
cw/movie_handlers.go:288.35,290.4 1 1
cw/movie_handlers.go:292.3,292.37 1 1
cw/movie_handlers.go:292.37,294.4 1 1
cw/movie_handlers.go:296.3,298.22 3 1
cw/movie_handlers.go:298.22,300.4 1 1
cw/movie_handlers.go:301.3,301.16 1 1
cw/movie_handlers.go:301.16,302.79 1 1
cw/movie_handlers.go:302.79,304.5 1 0
cw/movie_handlers.go:307.3,313.22 3 1
cw/movie_handlers.go:313.22,315.4 1 1
cw/movie_handlers.go:317.3,317.80 1 1
cw/movie_handlers.go:317.80,319.4 1 0
cw/movie_handlers.go:321.3,321.45 1 1
cw/movie_handlers.go:321.45,323.4 1 0
cw/movie_handlers.go:325.3,327.41 3 1
cw/movie_handlers.go:345.53,346.54 1 1
cw/movie_handlers.go:346.54,348.10 2 1
cw/movie_handlers.go:348.10,350.4 1 1
cw/movie_handlers.go:352.3,353.35 2 1
cw/movie_handlers.go:353.35,355.4 1 1
cw/movie_handlers.go:357.3,357.37 1 1
cw/movie_handlers.go:357.37,359.4 1 1
cw/movie_handlers.go:361.3,364.22 3 1
cw/movie_handlers.go:364.22,366.4 1 0
cw/movie_handlers.go:367.3,367.16 1 1
cw/movie_handlers.go:367.16,368.79 1 1
cw/movie_handlers.go:368.79,370.5 1 0
cw/movie_handlers.go:373.3,384.22 2 1
cw/movie_handlers.go:384.22,386.4 1 1
cw/movie_handlers.go:388.3,388.48 1 1
cw/movie_handlers.go:388.48,390.4 1 1
cw/movie_handlers.go:392.3,392.76 1 1
cw/movie_handlers.go:392.76,394.4 1 0
cw/movie_handlers.go:396.3,396.45 1 1
cw/movie_handlers.go:396.45,398.4 1 0
cw/movie_handlers.go:400.3,400.31 1 1
cw/movie_handlers.go:416.53,417.54 1 1
cw/movie_handlers.go:417.54,419.10 2 1
cw/movie_handlers.go:419.10,421.4 1 1
cw/movie_handlers.go:423.3,424.22 2 1
cw/movie_handlers.go:424.22,426.4 1 1
cw/movie_handlers.go:427.3,427.48 1 1
cw/movie_handlers.go:427.48,429.4 1 1
cw/movie_handlers.go:431.3,431.38 1 1
cw/movie_handlers.go:446.54,447.54 1 1
cw/movie_handlers.go:447.54,449.46 2 1
cw/movie_handlers.go:449.46,452.4 2 1
cw/movie_handlers.go:454.3,457.22 2 1
cw/movie_handlers.go:457.22,459.4 1 1
cw/movie_handlers.go:460.3,463.19 3 1
cw/movie_handlers.go:463.19,466.23 3 1
cw/movie_handlers.go:466.23,468.5 1 0
cw/movie_handlers.go:470.4,471.23 2 1
cw/movie_handlers.go:471.23,473.5 1 0
cw/movie_handlers.go:474.4,476.30 2 1
cw/movie_handlers.go:479.3,479.23 1 1
cw/movie_handlers.go:479.23,482.4 2 1
cw/movie_handlers.go:484.3,485.36 2 1
cw/movie_handlers.go:500.62,501.54 1 1
cw/movie_handlers.go:501.54,503.25 2 1
cw/movie_handlers.go:503.25,506.4 2 1
cw/movie_handlers.go:508.3,509.31 2 1
cw/movie_handlers.go:509.31,510.44 1 1
cw/movie_handlers.go:510.44,513.5 2 1
cw/movie_handlers.go:514.4,514.45 1 1
cw/movie_handlers.go:517.3,528.17 2 1
cw/movie_handlers.go:528.17,531.4 2 1
cw/movie_handlers.go:532.3,535.19 3 1
cw/movie_handlers.go:535.19,538.67 2 1
cw/movie_handlers.go:538.67,541.5 2 0
cw/movie_handlers.go:543.4,544.18 2 1
cw/movie_handlers.go:544.18,547.5 2 0
cw/movie_handlers.go:548.4,550.30 2 1
cw/movie_handlers.go:553.3,553.23 1 1
cw/movie_handlers.go:553.23,556.4 2 1
cw/movie_handlers.go:558.3,559.36 2 1
cw/movieshow_handlers.go:13.74,14.50 1 1
cw/movieshow_handlers.go:14.50,17.3 2 1
cw/movieshow_handlers.go:19.2,19.49 1 1
cw/movieshow_handlers.go:19.49,22.3 2 1
cw/movieshow_handlers.go:24.2,25.36 2 1
cw/movieshow_handlers.go:25.36,28.3 2 0
cw/movieshow_handlers.go:30.2,30.28 1 1
cw/movieshow_handlers.go:30.28,33.3 2 1
cw/movieshow_handlers.go:35.2,35.13 1 1
cw/movieshow_handlers.go:47.55,48.54 1 1
cw/movieshow_handlers.go:48.54,51.77 2 1
cw/movieshow_handlers.go:51.77,53.4 1 0
cw/movieshow_handlers.go:54.3,57.19 3 1
cw/movieshow_handlers.go:57.19,59.154 2 1
cw/movieshow_handlers.go:59.154,61.5 1 0
cw/movieshow_handlers.go:62.4,62.29 1 1
cw/movieshow_handlers.go:65.3,65.22 1 1
cw/movieshow_handlers.go:65.22,68.4 2 1
cw/movieshow_handlers.go:70.3,70.35 1 1
cw/movieshow_handlers.go:85.58,86.54 1 1
cw/movieshow_handlers.go:86.54,88.10 2 1
cw/movieshow_handlers.go:88.10,90.4 1 1
cw/movieshow_handlers.go:92.3,98.22 4 1
cw/movieshow_handlers.go:98.22,100.4 1 1
cw/movieshow_handlers.go:102.3,102.32 1 1
cw/movieshow_handlers.go:118.57,119.54 1 1
cw/movieshow_handlers.go:119.54,121.33 2 1
cw/movieshow_handlers.go:121.33,123.4 1 1
cw/movieshow_handlers.go:124.3,126.36 2 1
cw/movieshow_handlers.go:126.36,128.4 1 1
cw/movieshow_handlers.go:130.3,134.22 2 1
cw/movieshow_handlers.go:134.22,136.4 1 1
cw/movieshow_handlers.go:138.3,139.32 2 1
cw/movieshow_handlers.go:157.57,158.54 1 1
cw/movieshow_handlers.go:158.54,160.10 2 1
cw/movieshow_handlers.go:160.10,162.4 1 1
cw/movieshow_handlers.go:164.3,165.33 2 1
cw/movieshow_handlers.go:165.33,167.4 1 0
cw/movieshow_handlers.go:169.3,169.36 1 1
cw/movieshow_handlers.go:169.36,171.4 1 1
cw/movieshow_handlers.go:173.3,177.22 2 1
cw/movieshow_handlers.go:177.22,179.4 1 1
cw/movieshow_handlers.go:181.3,181.48 1 1
cw/movieshow_handlers.go:181.48,183.4 1 1
cw/movieshow_handlers.go:185.3,185.31 1 1
cw/movieshow_handlers.go:200.57,201.54 1 1
cw/movieshow_handlers.go:201.54,203.10 2 1
cw/movieshow_handlers.go:203.10,205.4 1 1
cw/movieshow_handlers.go:207.3,210.22 2 1
cw/movieshow_handlers.go:210.22,212.4 1 1
cw/movieshow_handlers.go:214.3,214.48 1 1
cw/movieshow_handlers.go:214.48,216.4 1 0
cw/movieshow_handlers.go:218.3,218.38 1 1
cw/review_handlers.go:14.70,17.55 2 1
cw/review_handlers.go:17.55,20.3 2 1
cw/review_handlers.go:22.2,22.57 1 1
cw/review_handlers.go:22.57,25.3 2 1
cw/review_handlers.go:27.2,27.55 1 1
cw/review_handlers.go:27.55,30.3 2 1
cw/review_handlers.go:32.2,32.57 1 1
cw/review_handlers.go:32.57,35.3 2 1
cw/review_handlers.go:37.2,37.13 1 1
cw/review_handlers.go:40.48,41.46 1 1
cw/review_handlers.go:41.46,43.3 1 1
cw/review_handlers.go:44.2,44.12 1 1
cw/review_handlers.go:47.50,48.47 1 1
cw/review_handlers.go:48.47,50.3 1 1
cw/review_handlers.go:51.2,51.12 1 1
cw/review_handlers.go:54.45,55.31 1 1
cw/review_handlers.go:55.31,57.3 1 1
cw/review_handlers.go:58.2,58.12 1 1
cw/review_handlers.go:61.50,63.45 2 1
cw/review_handlers.go:63.45,65.3 1 1
cw/review_handlers.go:66.2,66.25 1 1
cw/review_handlers.go:66.25,68.3 1 1
cw/review_handlers.go:69.2,69.12 1 1
cw/review_handlers.go:81.52,82.54 1 1
cw/review_handlers.go:82.54,84.54 2 1
cw/review_handlers.go:84.54,86.4 1 0
cw/review_handlers.go:87.3,90.19 3 1
cw/review_handlers.go:90.19,92.149 2 1
cw/review_handlers.go:92.149,94.5 1 0
cw/review_handlers.go:95.4,95.37 1 1
cw/review_handlers.go:98.3,98.24 1 1
cw/review_handlers.go:98.24,101.4 2 1
cw/review_handlers.go:103.3,103.37 1 1
cw/review_handlers.go:118.55,119.54 1 1
cw/review_handlers.go:119.54,121.10 2 1
cw/review_handlers.go:121.10,123.4 1 1
cw/review_handlers.go:125.3,131.22 4 1
cw/review_handlers.go:131.22,133.4 1 1
cw/review_handlers.go:135.3,135.36 1 1
cw/review_handlers.go:151.54,152.54 1 1
cw/review_handlers.go:152.54,154.41 2 1
cw/review_handlers.go:154.41,156.4 1 1
cw/review_handlers.go:158.3,158.44 1 1
cw/review_handlers.go:158.44,160.4 1 1
cw/review_handlers.go:162.3,167.22 3 1
cw/review_handlers.go:167.22,169.4 1 1
cw/review_handlers.go:171.3,172.41 2 1
cw/review_handlers.go:190.54,191.54 1 1
cw/review_handlers.go:191.54,193.10 2 1
cw/review_handlers.go:193.10,195.4 1 1
cw/review_handlers.go:197.3,198.41 2 1
cw/review_handlers.go:198.41,200.4 1 1
cw/review_handlers.go:202.3,202.44 1 1
cw/review_handlers.go:202.44,204.4 1 1
cw/review_handlers.go:206.3,210.22 2 1
cw/review_handlers.go:210.22,212.4 1 0
cw/review_handlers.go:214.3,214.48 1 1
cw/review_handlers.go:214.48,216.4 1 1
cw/review_handlers.go:218.3,218.31 1 1
cw/review_handlers.go:233.54,234.54 1 1
cw/review_handlers.go:234.54,236.10 2 1
cw/review_handlers.go:236.10,238.4 1 1
cw/review_handlers.go:240.3,243.22 2 1
cw/review_handlers.go:243.22,245.4 1 0
cw/review_handlers.go:247.3,247.48 1 1
cw/review_handlers.go:247.48,249.4 1 1
cw/review_handlers.go:251.3,251.38 1 1
cw/screen_type_handlers.go:14.78,18.55 3 1
cw/screen_type_handlers.go:18.55,21.3 2 1
cw/screen_type_handlers.go:23.2,23.69 1 1
cw/screen_type_handlers.go:23.69,26.3 2 1
cw/screen_type_handlers.go:28.2,28.13 1 1
cw/screen_type_handlers.go:31.48,33.39 2 1
cw/screen_type_handlers.go:33.39,35.3 1 1
cw/screen_type_handlers.go:36.2,36.21 1 1
cw/screen_type_handlers.go:36.21,38.3 1 1
cw/screen_type_handlers.go:39.2,39.12 1 1
cw/screen_type_handlers.go:42.62,44.53 2 1
cw/screen_type_handlers.go:44.53,46.3 1 1
cw/screen_type_handlers.go:47.2,47.29 1 1
cw/screen_type_handlers.go:47.29,49.3 1 1
cw/screen_type_handlers.go:50.2,50.12 1 1
cw/screen_type_handlers.go:62.56,63.54 1 1
cw/screen_type_handlers.go:63.54,65.65 2 1
cw/screen_type_handlers.go:65.65,67.4 1 0
cw/screen_type_handlers.go:68.3,71.19 3 1
cw/screen_type_handlers.go:71.19,73.114 2 1
cw/screen_type_handlers.go:73.114,75.5 1 0
cw/screen_type_handlers.go:76.4,76.28 1 1
cw/screen_type_handlers.go:79.3,79.22 1 1
cw/screen_type_handlers.go:79.22,82.4 2 1
cw/screen_type_handlers.go:84.3,84.35 1 1
cw/screen_type_handlers.go:99.59,100.54 1 1
cw/screen_type_handlers.go:100.54,102.10 2 1
cw/screen_type_handlers.go:102.10,104.4 1 1
cw/screen_type_handlers.go:106.3,112.22 4 1
cw/screen_type_handlers.go:112.22,114.4 1 1
cw/screen_type_handlers.go:116.3,116.31 1 1
cw/screen_type_handlers.go:132.58,133.54 1 1
cw/screen_type_handlers.go:133.54,135.32 2 1
cw/screen_type_handlers.go:135.32,137.4 1 1
cw/screen_type_handlers.go:138.3,138.39 1 1
cw/screen_type_handlers.go:138.39,140.4 1 1
cw/screen_type_handlers.go:142.3,147.22 3 1
cw/screen_type_handlers.go:147.22,149.4 1 1
cw/screen_type_handlers.go:151.3,152.41 2 1
cw/screen_type_handlers.go:170.58,171.54 1 1
cw/screen_type_handlers.go:171.54,173.10 2 1
cw/screen_type_handlers.go:173.10,175.4 1 1
cw/screen_type_handlers.go:177.3,178.32 2 1
cw/screen_type_handlers.go:178.32,180.4 1 1
cw/screen_type_handlers.go:181.3,181.39 1 1
cw/screen_type_handlers.go:181.39,183.4 1 1
cw/screen_type_handlers.go:185.3,189.22 2 1
cw/screen_type_handlers.go:189.22,191.4 1 1
cw/screen_type_handlers.go:193.3,193.48 1 1
cw/screen_type_handlers.go:193.48,195.4 1 1
cw/screen_type_handlers.go:197.3,197.31 1 1
cw/screen_type_handlers.go:212.58,213.54 1 1
cw/screen_type_handlers.go:213.54,215.10 2 1
cw/screen_type_handlers.go:215.10,217.4 1 1
cw/screen_type_handlers.go:219.3,221.22 2 1
cw/screen_type_handlers.go:221.22,223.4 1 1
cw/screen_type_handlers.go:225.3,225.48 1 1
cw/screen_type_handlers.go:225.48,227.4 1 1
cw/screen_type_handlers.go:229.3,229.38 1 1
cw/seat_handlers.go:14.66,15.49 1 1
cw/seat_handlers.go:15.49,18.3 2 1
cw/seat_handlers.go:20.2,20.57 1 1
cw/seat_handlers.go:20.57,23.3 2 0
cw/seat_handlers.go:25.2,25.55 1 1
cw/seat_handlers.go:25.55,28.3 2 1
cw/seat_handlers.go:30.2,30.57 1 1
cw/seat_handlers.go:30.57,33.3 2 1
cw/seat_handlers.go:35.2,35.13 1 1
cw/seat_handlers.go:38.42,39.46 1 1
cw/seat_handlers.go:39.46,41.3 1 1
cw/seat_handlers.go:42.2,42.12 1 1
cw/seat_handlers.go:45.50,46.50 1 1
cw/seat_handlers.go:46.50,48.3 1 0
cw/seat_handlers.go:49.2,49.12 1 1
cw/seat_handlers.go:52.45,53.39 1 1
cw/seat_handlers.go:53.39,55.3 1 1
cw/seat_handlers.go:56.2,56.12 1 1
cw/seat_handlers.go:59.47,60.41 1 1
cw/seat_handlers.go:60.41,62.3 1 1
cw/seat_handlers.go:63.2,63.12 1 1
cw/seat_handlers.go:75.50,76.54 1 1
cw/seat_handlers.go:76.54,80.52 2 1
cw/seat_handlers.go:80.52,82.4 1 0
cw/seat_handlers.go:83.3,86.19 3 1
cw/seat_handlers.go:86.19,88.131 2 1
cw/seat_handlers.go:88.131,90.5 1 0
cw/seat_handlers.go:91.4,91.28 1 1
cw/seat_handlers.go:94.3,94.22 1 1
cw/seat_handlers.go:94.22,97.4 2 1
cw/seat_handlers.go:99.3,100.35 2 1
cw/seat_handlers.go:115.53,116.54 1 1
cw/seat_handlers.go:116.54,118.10 2 1
cw/seat_handlers.go:118.10,120.4 1 1
cw/seat_handlers.go:122.3,129.22 4 1
cw/seat_handlers.go:129.22,131.4 1 1
cw/seat_handlers.go:133.3,134.31 2 1
cw/seat_handlers.go:150.52,151.54 1 1
cw/seat_handlers.go:151.54,153.32 2 1
cw/seat_handlers.go:153.32,155.4 1 1
cw/seat_handlers.go:156.3,156.33 1 1
cw/seat_handlers.go:156.33,158.4 1 1
cw/seat_handlers.go:160.3,166.22 3 1
cw/seat_handlers.go:166.22,168.4 1 1
cw/seat_handlers.go:170.3,172.41 3 1
cw/seat_handlers.go:190.52,191.54 1 1
cw/seat_handlers.go:191.54,193.10 2 1
cw/seat_handlers.go:193.10,195.4 1 1
cw/seat_handlers.go:197.3,198.32 2 1
cw/seat_handlers.go:198.32,200.4 1 1
cw/seat_handlers.go:201.3,201.33 1 1
cw/seat_handlers.go:201.33,203.4 1 1
cw/seat_handlers.go:205.3,211.22 2 1
cw/seat_handlers.go:211.22,213.4 1 1
cw/seat_handlers.go:215.3,215.48 1 1
cw/seat_handlers.go:215.48,217.4 1 1
cw/seat_handlers.go:219.3,220.21 2 1
cw/seat_handlers.go:235.52,236.54 1 1
cw/seat_handlers.go:236.54,238.10 2 1
cw/seat_handlers.go:238.10,240.4 1 1
cw/seat_handlers.go:242.3,245.22 2 1
cw/seat_handlers.go:245.22,247.4 1 1
cw/seat_handlers.go:249.3,249.48 1 1
cw/seat_handlers.go:249.48,251.4 1 1
cw/seat_handlers.go:253.3,253.38 1 1
cw/seat_type_handlers.go:14.74,18.53 3 1
cw/seat_type_handlers.go:18.53,21.3 2 1
cw/seat_type_handlers.go:22.2,22.67 1 1
cw/seat_type_handlers.go:22.67,25.3 2 1
cw/seat_type_handlers.go:26.2,26.13 1 1
cw/seat_type_handlers.go:29.46,30.67 1 1
cw/seat_type_handlers.go:30.67,32.3 1 1
cw/seat_type_handlers.go:33.2,33.21 1 1
cw/seat_type_handlers.go:33.21,35.3 1 1
cw/seat_type_handlers.go:36.2,36.12 1 1
cw/seat_type_handlers.go:39.53,40.67 1 1
cw/seat_type_handlers.go:40.67,42.3 1 1
cw/seat_type_handlers.go:43.2,43.22 1 1
cw/seat_type_handlers.go:43.22,45.3 1 1
cw/seat_type_handlers.go:46.2,46.12 1 1
cw/seat_type_handlers.go:58.54,59.54 1 1
cw/seat_type_handlers.go:59.54,61.59 2 1
cw/seat_type_handlers.go:61.59,63.4 1 0
cw/seat_type_handlers.go:64.3,67.19 3 1
cw/seat_type_handlers.go:67.19,69.110 2 1
cw/seat_type_handlers.go:69.110,71.5 1 0
cw/seat_type_handlers.go:72.4,72.28 1 1
cw/seat_type_handlers.go:75.3,75.22 1 1
cw/seat_type_handlers.go:75.22,78.4 2 1
cw/seat_type_handlers.go:80.3,80.35 1 1
cw/seat_type_handlers.go:95.57,96.54 1 1
cw/seat_type_handlers.go:96.54,98.10 2 1
cw/seat_type_handlers.go:98.10,100.4 1 1
cw/seat_type_handlers.go:102.3,108.22 4 1
cw/seat_type_handlers.go:108.22,110.4 1 1
cw/seat_type_handlers.go:112.3,112.31 1 1
cw/seat_type_handlers.go:128.56,129.54 1 1
cw/seat_type_handlers.go:129.54,131.32 2 1
cw/seat_type_handlers.go:131.32,133.4 1 1
cw/seat_type_handlers.go:134.3,134.37 1 1
cw/seat_type_handlers.go:134.37,136.4 1 1
cw/seat_type_handlers.go:138.3,143.22 3 1
cw/seat_type_handlers.go:143.22,145.4 1 1
cw/seat_type_handlers.go:147.3,148.41 2 1
cw/seat_type_handlers.go:166.56,167.54 1 1
cw/seat_type_handlers.go:167.54,169.10 2 1
cw/seat_type_handlers.go:169.10,171.4 1 1
cw/seat_type_handlers.go:173.3,174.32 2 1
cw/seat_type_handlers.go:174.32,176.4 1 1
cw/seat_type_handlers.go:177.3,177.37 1 1
cw/seat_type_handlers.go:177.37,179.4 1 1
cw/seat_type_handlers.go:181.3,185.22 2 1
cw/seat_type_handlers.go:185.22,187.4 1 1
cw/seat_type_handlers.go:188.3,188.48 1 1
cw/seat_type_handlers.go:188.48,190.4 1 1
cw/seat_type_handlers.go:192.3,192.31 1 1
cw/seat_type_handlers.go:207.56,208.54 1 1
cw/seat_type_handlers.go:208.54,210.10 2 1
cw/seat_type_handlers.go:210.10,212.4 1 1
cw/seat_type_handlers.go:214.3,217.22 2 1
cw/seat_type_handlers.go:217.22,219.4 1 1
cw/seat_type_handlers.go:220.3,220.48 1 1
cw/seat_type_handlers.go:220.48,222.4 1 1
cw/seat_type_handlers.go:224.3,224.38 1 1
cw/seeders.go:11.40,13.16 2 0
cw/seeders.go:13.16,15.3 1 0
cw/seeders.go:17.2,18.16 2 0
cw/seeders.go:18.16,20.3 1 0
cw/seeders.go:22.2,22.12 1 0
cw/seeders.go:25.40,27.16 2 0
cw/seeders.go:27.16,29.3 1 0
cw/seeders.go:31.2,32.16 2 0
cw/seeders.go:32.16,34.3 1 0
cw/seeders.go:36.2,36.12 1 0
cw/seeders.go:39.41,40.31 1 1
cw/seeders.go:40.31,47.17 2 1
cw/seeders.go:47.17,49.4 1 0
cw/seeders.go:51.2,51.12 1 1
cw/seeders.go:54.40,55.30 1 1
cw/seeders.go:55.30,64.17 2 1
cw/seeders.go:64.17,66.4 1 0
cw/seeders.go:68.2,68.12 1 1
cw/seeders.go:71.46,72.36 1 1
cw/seeders.go:72.36,79.17 2 1
cw/seeders.go:79.17,81.4 1 0
cw/seeders.go:83.2,83.12 1 1
cw/seeders.go:86.44,87.34 1 1
cw/seeders.go:87.34,94.17 2 1
cw/seeders.go:94.17,96.4 1 0
cw/seeders.go:98.2,98.12 1 1
cw/seeders.go:101.41,102.31 1 1
cw/seeders.go:102.31,115.17 2 1
cw/seeders.go:115.17,117.4 1 0
cw/seeders.go:119.2,119.12 1 1
cw/seeders.go:122.47,123.38 1 1
cw/seeders.go:123.38,128.17 2 1
cw/seeders.go:128.17,130.4 1 0
cw/seeders.go:132.2,132.12 1 1
cw/seeders.go:135.40,136.30 1 1
cw/seeders.go:136.30,147.17 2 1
cw/seeders.go:147.17,149.4 1 0
cw/seeders.go:151.2,151.12 1 1
cw/seeders.go:154.45,155.36 1 1
cw/seeders.go:155.36,165.17 2 1
cw/seeders.go:165.17,167.4 1 0
cw/seeders.go:169.2,169.12 1 1
cw/seeders.go:172.40,173.30 1 1
cw/seeders.go:173.30,183.17 2 1
cw/seeders.go:183.17,185.4 1 0
cw/seeders.go:187.2,187.12 1 1
cw/seeders.go:190.42,191.32 1 1
cw/seeders.go:191.32,201.17 2 1
cw/seeders.go:201.17,203.4 1 0
cw/seeders.go:205.2,205.12 1 1
cw/seeders.go:208.42,209.32 1 1
cw/seeders.go:209.32,217.17 2 1
cw/seeders.go:217.17,219.4 1 1
cw/seeders.go:221.2,221.12 1 1
cw/seeders.go:224.38,225.39 1 1
cw/seeders.go:225.39,227.3 1 0
cw/seeders.go:229.2,229.44 1 1
cw/seeders.go:229.44,231.3 1 0
cw/seeders.go:233.2,233.42 1 1
cw/seeders.go:233.42,235.3 1 0
cw/seeders.go:237.2,237.38 1 1
cw/seeders.go:237.38,239.3 1 0
cw/seeders.go:241.2,241.39 1 1
cw/seeders.go:241.39,243.3 1 0
cw/seeders.go:245.2,245.45 1 1
cw/seeders.go:245.45,247.3 1 0
cw/seeders.go:249.2,249.38 1 1
cw/seeders.go:249.38,251.3 1 0
cw/seeders.go:253.2,253.43 1 1
cw/seeders.go:253.43,255.3 1 0
cw/seeders.go:257.2,257.38 1 1
cw/seeders.go:257.38,259.3 1 0
cw/seeders.go:261.2,261.40 1 1
cw/seeders.go:261.40,263.3 1 0
cw/seeders.go:265.2,265.40 1 1
cw/seeders.go:265.40,267.3 1 1
cw/seeders.go:269.2,269.12 1 1
cw/seeders.go:272.59,276.16 3 1
cw/seeders.go:276.16,278.3 1 0
cw/seeders.go:279.2,279.12 1 1
cw/seeders.go:282.39,283.49 1 1
cw/seeders.go:283.49,285.3 1 0
cw/seeders.go:287.2,287.55 1 1
cw/seeders.go:287.55,289.3 1 0
cw/seeders.go:291.2,291.53 1 1
cw/seeders.go:291.53,293.3 1 0
cw/seeders.go:295.2,295.48 1 1
cw/seeders.go:295.48,297.3 1 0
cw/seeders.go:299.2,299.49 1 1
cw/seeders.go:299.49,301.3 1 0
cw/seeders.go:303.2,303.56 1 1
cw/seeders.go:303.56,305.3 1 0
cw/seeders.go:307.2,307.48 1 1
cw/seeders.go:307.48,309.3 1 0
cw/seeders.go:311.2,311.54 1 1
cw/seeders.go:311.54,313.3 1 0
cw/seeders.go:315.2,315.48 1 1
cw/seeders.go:315.48,317.3 1 0
cw/seeders.go:319.2,319.50 1 1
cw/seeders.go:319.50,321.3 1 0
cw/seeders.go:323.2,323.50 1 1
cw/seeders.go:323.50,325.3 1 0
cw/seeders.go:327.2,327.12 1 1
cw/ticket_handlers.go:13.67,14.55 1 1
cw/ticket_handlers.go:14.55,17.3 2 1
cw/ticket_handlers.go:18.2,18.17 1 1
cw/ticket_handlers.go:18.17,21.3 2 1
cw/ticket_handlers.go:23.2,23.53 1 1
cw/ticket_handlers.go:23.53,26.3 2 1
cw/ticket_handlers.go:28.2,28.48 1 1
cw/ticket_handlers.go:28.48,31.3 2 0
cw/ticket_handlers.go:33.2,33.13 1 1
cw/ticket_handlers.go:36.62,37.23 1 1
cw/ticket_handlers.go:37.23,39.3 1 1
cw/ticket_handlers.go:40.2,40.12 1 1
cw/ticket_handlers.go:52.65,53.54 1 1
cw/ticket_handlers.go:53.54,55.10 2 1
cw/ticket_handlers.go:55.10,57.4 1 0
cw/ticket_handlers.go:59.3,63.54 2 1
cw/ticket_handlers.go:63.54,65.4 1 0
cw/ticket_handlers.go:66.3,69.19 3 1
cw/ticket_handlers.go:69.19,71.126 2 1
cw/ticket_handlers.go:71.126,73.5 1 0
cw/ticket_handlers.go:74.4,74.32 1 1
cw/ticket_handlers.go:77.3,77.24 1 1
cw/ticket_handlers.go:77.24,79.4 1 1
cw/ticket_handlers.go:81.3,81.37 1 1
cw/ticket_handlers.go:96.55,97.54 1 1
cw/ticket_handlers.go:97.54,99.10 2 1
cw/ticket_handlers.go:99.10,101.4 1 1
cw/ticket_handlers.go:102.3,106.22 3 1
cw/ticket_handlers.go:106.22,108.4 1 1
cw/ticket_handlers.go:109.3,109.31 1 1
cw/ticket_handlers.go:125.54,126.54 1 1
cw/ticket_handlers.go:126.54,128.32 2 1
cw/ticket_handlers.go:128.32,130.4 1 1
cw/ticket_handlers.go:132.3,132.32 1 1
cw/ticket_handlers.go:132.32,134.4 1 1
cw/ticket_handlers.go:136.3,139.22 3 1
cw/ticket_handlers.go:139.22,141.4 1 1
cw/ticket_handlers.go:143.3,144.41 2 1
cw/ticket_handlers.go:161.54,162.54 1 1
cw/ticket_handlers.go:162.54,164.10 2 1
cw/ticket_handlers.go:164.10,166.4 1 1
cw/ticket_handlers.go:168.3,169.32 2 1
cw/ticket_handlers.go:169.32,171.4 1 1
cw/ticket_handlers.go:173.3,173.32 1 1
cw/ticket_handlers.go:173.32,175.4 1 0
cw/ticket_handlers.go:177.3,179.22 2 1
cw/ticket_handlers.go:179.22,181.4 1 1
cw/ticket_handlers.go:183.3,183.48 1 1
cw/ticket_handlers.go:183.48,185.4 1 0
cw/ticket_handlers.go:186.3,186.21 1 1
cw/ticket_handlers.go:201.54,202.54 1 1
cw/ticket_handlers.go:202.54,204.10 2 1
cw/ticket_handlers.go:204.10,206.4 1 1
cw/ticket_handlers.go:208.3,209.22 2 1
cw/ticket_handlers.go:209.22,211.4 1 1
cw/ticket_handlers.go:213.3,213.48 1 1
cw/ticket_handlers.go:213.48,215.4 1 0
cw/ticket_handlers.go:216.3,216.38 1 1
cw/user_handlers.go:15.66,20.49 4 1
cw/user_handlers.go:20.49,23.3 2 1
cw/user_handlers.go:25.2,25.51 1 1
cw/user_handlers.go:25.51,28.3 2 1
cw/user_handlers.go:30.2,30.59 1 1
cw/user_handlers.go:30.59,33.3 2 1
cw/user_handlers.go:35.2,35.13 1 1
cw/user_handlers.go:38.42,40.39 2 1
cw/user_handlers.go:40.39,42.3 1 1
cw/user_handlers.go:44.2,44.49 1 1
cw/user_handlers.go:44.49,46.3 1 0
cw/user_handlers.go:48.2,48.38 1 1
cw/user_handlers.go:48.38,50.3 1 0
cw/user_handlers.go:51.2,51.12 1 1
cw/user_handlers.go:54.44,56.41 2 1
cw/user_handlers.go:56.41,58.3 1 1
cw/user_handlers.go:60.2,60.22 1 1
cw/user_handlers.go:60.22,62.3 1 0
cw/user_handlers.go:63.2,63.12 1 1
cw/user_handlers.go:66.52,68.16 2 1
cw/user_handlers.go:68.16,70.3 1 0
cw/user_handlers.go:72.2,76.29 4 1
cw/user_handlers.go:76.29,78.3 1 1
cw/user_handlers.go:80.2,80.37 1 1
cw/user_handlers.go:80.37,82.3 1 1
cw/user_handlers.go:84.2,84.12 1 1
cw/user_handlers.go:87.50,88.23 1 1
cw/user_handlers.go:88.23,90.3 1 1
cw/user_handlers.go:91.2,91.12 1 1
cw/user_handlers.go:103.50,104.54 1 1
cw/user_handlers.go:104.54,107.66 2 1
cw/user_handlers.go:107.66,109.4 1 0
cw/user_handlers.go:110.3,114.19 4 1
cw/user_handlers.go:114.19,116.147 2 1
cw/user_handlers.go:116.147,118.5 1 0
cw/user_handlers.go:119.4,120.28 2 1
cw/user_handlers.go:123.3,123.22 1 1
cw/user_handlers.go:123.22,126.4 2 1
cw/user_handlers.go:128.3,128.35 1 1
cw/user_handlers.go:143.53,144.54 1 1
cw/user_handlers.go:144.54,146.10 2 1
cw/user_handlers.go:146.10,148.4 1 1
cw/user_handlers.go:150.3,157.22 5 1
cw/user_handlers.go:157.22,159.4 1 1
cw/user_handlers.go:161.3,161.31 1 1
cw/user_handlers.go:179.52,180.54 1 1
cw/user_handlers.go:180.54,182.10 2 1
cw/user_handlers.go:182.10,184.4 1 1
cw/user_handlers.go:186.3,187.32 2 1
cw/user_handlers.go:187.32,189.4 1 1
cw/user_handlers.go:191.3,191.33 1 1
cw/user_handlers.go:191.33,193.4 1 1
cw/user_handlers.go:195.3,199.22 2 1
cw/user_handlers.go:199.22,201.4 1 0
cw/user_handlers.go:203.3,203.48 1 1
cw/user_handlers.go:203.48,205.4 1 1
cw/user_handlers.go:207.3,207.31 1 1
cw/user_handlers.go:222.52,223.54 1 1
cw/user_handlers.go:223.54,225.10 2 1
cw/user_handlers.go:225.10,227.4 1 1
cw/user_handlers.go:229.3,232.22 2 1
cw/user_handlers.go:232.22,234.4 1 1
cw/user_handlers.go:236.3,236.48 1 1
cw/user_handlers.go:236.48,238.4 1 1
cw/user_handlers.go:240.3,240.38 1 1
cw/user_handlers.go:255.54,256.54 1 1
cw/user_handlers.go:256.54,258.35 2 1
cw/user_handlers.go:258.35,260.4 1 1
cw/user_handlers.go:262.3,266.53 4 1
cw/user_handlers.go:266.53,269.4 2 1
cw/user_handlers.go:271.3,271.55 1 1
cw/user_handlers.go:271.55,274.4 2 1
cw/user_handlers.go:276.3,276.65 1 1
cw/user_handlers.go:276.65,279.4 2 1
cw/user_handlers.go:281.3,281.63 1 1
cw/user_handlers.go:281.63,284.4 2 1
cw/user_handlers.go:286.3,291.22 3 1
cw/user_handlers.go:291.22,293.4 1 1
cw/user_handlers.go:295.3,296.41 2 1
cw/user_handlers.go:312.51,313.54 1 1
cw/user_handlers.go:313.54,315.36 2 1
cw/user_handlers.go:315.36,317.4 1 1
cw/user_handlers.go:319.3,321.56 2 1
cw/user_handlers.go:321.56,324.4 2 1
cw/user_handlers.go:326.3,326.66 1 1
cw/user_handlers.go:326.66,329.4 2 1
cw/user_handlers.go:331.3,341.20 3 1
cw/user_handlers.go:341.20,344.4 2 1
cw/user_handlers.go:345.3,345.22 1 1
cw/user_handlers.go:345.22,347.4 1 0
cw/user_handlers.go:349.3,349.46 1 1
cw/user_handlers.go:349.46,352.4 2 1
cw/user_handlers.go:354.3,355.19 2 1
cw/user_handlers.go:355.19,357.4 1 0
cw/user_handlers.go:359.3,360.17 2 1
cw/user_handlers.go:360.17,363.4 2 0
cw/user_handlers.go:365.3,365.63 1 1
cw/validate.go:8.41,12.2 2 1
cw/validate.go:14.50,15.18 1 1
cw/validate.go:15.18,18.3 2 1
cw/validate.go:20.2,20.12 1 1
cw/validate.go:23.41,25.16 2 1
cw/validate.go:25.16,26.21 1 0
cw/validate.go:28.2,28.10 1 1
cw/docs/docs.go:3574.13,3576.2 1 1
